<?xml version="1.0" encoding="UTF-8" ?>
<testsuites errors="0"
            failures="0"
            tests="4">

  <testsuite name="e2e.test"
    errors="0" failures="0" hostname="" id="" package="e2e.test" skipped="0"
    tests="4" time="80.78" timestamp="Mon, 26 Mar 2018 00:16:28 GMT">
  
    <testcase name="Navigate Home Page and sign up" classname="e2e.test" time="38.90" assertions="13">

    

    

    

    

    

    

    

    

    

    

    

    

    
    </testcase>
  
    <testcase name="Sign in and search" classname="e2e.test" time="9.926" assertions="2">

    

    
    </testcase>
  
    <testcase name="create and edit recipe" classname="e2e.test" time="7.237" assertions="5">

    

    

    

    

    
    </testcase>
  
    <testcase name="Recipe details and ratings" classname="e2e.test" time="24.71" assertions="3">

    

    

    
    </testcase>
  

  

  
  </testsuite>
</testsuites>
