{"/Users/andeladeveloper/Documents/Computing/CycleXXVIII/More-Recipes/server/test/helpersTest.js":{"path":"/Users/andeladeveloper/Documents/Computing/CycleXXVIII/More-Recipes/server/test/helpersTest.js","statementMap":{"0":{"start":{"line":3,"column":12},"end":{"line":3,"column":27}},"1":{"start":{"line":5,"column":19},"end":{"line":5,"column":52}},"2":{"start":{"line":7,"column":20},"end":{"line":7,"column":56}},"3":{"start":{"line":9,"column":15},"end":{"line":9,"column":44}},"4":{"start":{"line":11,"column":16},"end":{"line":11,"column":48}},"5":{"start":{"line":13,"column":15},"end":{"line":13,"column":44}},"6":{"start":{"line":15,"column":16},"end":{"line":15,"column":48}},"7":{"start":{"line":17,"column":16},"end":{"line":17,"column":46}},"8":{"start":{"line":19,"column":17},"end":{"line":19,"column":50}},"9":{"start":{"line":21,"column":18},"end":{"line":21,"column":50}},"10":{"start":{"line":23,"column":19},"end":{"line":23,"column":54}},"11":{"start":{"line":25,"column":39},"end":{"line":25,"column":93}},"12":{"start":{"line":27,"column":0},"end":{"line":61,"column":3}},"13":{"start":{"line":28,"column":2},"end":{"line":30,"column":5}},"14":{"start":{"line":29,"column":4},"end":{"line":29,"column":81}},"15":{"start":{"line":31,"column":2},"end":{"line":33,"column":5}},"16":{"start":{"line":32,"column":4},"end":{"line":32,"column":79}},"17":{"start":{"line":34,"column":2},"end":{"line":36,"column":5}},"18":{"start":{"line":35,"column":4},"end":{"line":35,"column":82}},"19":{"start":{"line":37,"column":2},"end":{"line":39,"column":5}},"20":{"start":{"line":38,"column":4},"end":{"line":38,"column":79}},"21":{"start":{"line":40,"column":2},"end":{"line":42,"column":5}},"22":{"start":{"line":41,"column":4},"end":{"line":41,"column":83}},"23":{"start":{"line":43,"column":2},"end":{"line":45,"column":5}},"24":{"start":{"line":44,"column":4},"end":{"line":44,"column":69}},"25":{"start":{"line":46,"column":2},"end":{"line":48,"column":5}},"26":{"start":{"line":47,"column":4},"end":{"line":47,"column":75}},"27":{"start":{"line":49,"column":2},"end":{"line":51,"column":5}},"28":{"start":{"line":50,"column":4},"end":{"line":50,"column":70}},"29":{"start":{"line":52,"column":2},"end":{"line":54,"column":5}},"30":{"start":{"line":53,"column":4},"end":{"line":53,"column":75}},"31":{"start":{"line":55,"column":2},"end":{"line":57,"column":5}},"32":{"start":{"line":56,"column":4},"end":{"line":56,"column":77}},"33":{"start":{"line":58,"column":2},"end":{"line":60,"column":5}},"34":{"start":{"line":59,"column":4},"end":{"line":59,"column":80}}},"fnMap":{"0":{"name":"_interopRequireDefault","decl":{"start":{"line":25,"column":9},"end":{"line":25,"column":31}},"loc":{"start":{"line":25,"column":37},"end":{"line":25,"column":95}},"line":25},"1":{"name":"(anonymous_1)","decl":{"start":{"line":27,"column":25},"end":{"line":27,"column":26}},"loc":{"start":{"line":27,"column":37},"end":{"line":61,"column":1}},"line":27},"2":{"name":"(anonymous_2)","decl":{"start":{"line":28,"column":43},"end":{"line":28,"column":44}},"loc":{"start":{"line":28,"column":55},"end":{"line":30,"column":3}},"line":28},"3":{"name":"(anonymous_3)","decl":{"start":{"line":31,"column":44},"end":{"line":31,"column":45}},"loc":{"start":{"line":31,"column":56},"end":{"line":33,"column":3}},"line":31},"4":{"name":"(anonymous_4)","decl":{"start":{"line":34,"column":47},"end":{"line":34,"column":48}},"loc":{"start":{"line":34,"column":59},"end":{"line":36,"column":3}},"line":34},"5":{"name":"(anonymous_5)","decl":{"start":{"line":37,"column":45},"end":{"line":37,"column":46}},"loc":{"start":{"line":37,"column":57},"end":{"line":39,"column":3}},"line":37},"6":{"name":"(anonymous_6)","decl":{"start":{"line":40,"column":48},"end":{"line":40,"column":49}},"loc":{"start":{"line":40,"column":60},"end":{"line":42,"column":3}},"line":40},"7":{"name":"(anonymous_7)","decl":{"start":{"line":43,"column":34},"end":{"line":43,"column":35}},"loc":{"start":{"line":43,"column":46},"end":{"line":45,"column":3}},"line":43},"8":{"name":"(anonymous_8)","decl":{"start":{"line":46,"column":40},"end":{"line":46,"column":41}},"loc":{"start":{"line":46,"column":52},"end":{"line":48,"column":3}},"line":46},"9":{"name":"(anonymous_9)","decl":{"start":{"line":49,"column":37},"end":{"line":49,"column":38}},"loc":{"start":{"line":49,"column":49},"end":{"line":51,"column":3}},"line":49},"10":{"name":"(anonymous_10)","decl":{"start":{"line":52,"column":40},"end":{"line":52,"column":41}},"loc":{"start":{"line":52,"column":52},"end":{"line":54,"column":3}},"line":52},"11":{"name":"(anonymous_11)","decl":{"start":{"line":55,"column":42},"end":{"line":55,"column":43}},"loc":{"start":{"line":55,"column":54},"end":{"line":57,"column":3}},"line":55},"12":{"name":"(anonymous_12)","decl":{"start":{"line":58,"column":45},"end":{"line":58,"column":46}},"loc":{"start":{"line":58,"column":57},"end":{"line":60,"column":3}},"line":58}},"branchMap":{"0":{"loc":{"start":{"line":25,"column":46},"end":{"line":25,"column":92}},"type":"cond-expr","locations":[{"start":{"line":25,"column":70},"end":{"line":25,"column":73}},{"start":{"line":25,"column":76},"end":{"line":25,"column":92}}],"line":25},"1":{"loc":{"start":{"line":25,"column":46},"end":{"line":25,"column":67}},"type":"binary-expr","locations":[{"start":{"line":25,"column":46},"end":{"line":25,"column":49}},{"start":{"line":25,"column":53},"end":{"line":25,"column":67}}],"line":25}},"s":{"0":1,"1":1,"2":1,"3":1,"4":1,"5":1,"6":1,"7":1,"8":1,"9":1,"10":1,"11":5,"12":1,"13":1,"14":1,"15":1,"16":1,"17":1,"18":1,"19":1,"20":1,"21":1,"22":1,"23":1,"24":1,"25":1,"26":1,"27":1,"28":1,"29":1,"30":1,"31":1,"32":1,"33":1,"34":1},"f":{"0":5,"1":1,"2":1,"3":1,"4":1,"5":1,"6":1,"7":1,"8":1,"9":1,"10":1,"11":1,"12":1},"b":{"0":[5,0],"1":[5,5]},"_coverageSchema":"332fd63041d2c1bcb487cc26dd0d5f7d97098a6c","hash":"e3712bb88572ca5cca01424bee7e7acbc08be2e0","contentHash":"4606bb845985a783a3c226db2f6baf37_11.3.0"},"/Users/andeladeveloper/Documents/Computing/CycleXXVIII/More-Recipes/server/helpers/cleanString.js":{"path":"/Users/andeladeveloper/Documents/Computing/CycleXXVIII/More-Recipes/server/helpers/cleanString.js","statementMap":{"0":{"start":{"line":3,"column":0},"end":{"line":5,"column":3}},"1":{"start":{"line":7,"column":18},"end":{"line":10,"column":1}},"2":{"start":{"line":8,"column":14},"end":{"line":8,"column":36}},"3":{"start":{"line":9,"column":2},"end":{"line":9,"column":15}},"4":{"start":{"line":12,"column":0},"end":{"line":12,"column":30}}},"fnMap":{"0":{"name":"cleanString","decl":{"start":{"line":7,"column":27},"end":{"line":7,"column":38}},"loc":{"start":{"line":7,"column":44},"end":{"line":10,"column":1}},"line":7}},"branchMap":{},"s":{"0":1,"1":1,"2":7,"3":7,"4":1},"f":{"0":7},"b":{},"_coverageSchema":"332fd63041d2c1bcb487cc26dd0d5f7d97098a6c","hash":"e79b2d38bfbd677df1c6959e0b10b526785d01fa","contentHash":"2e7e4d2ccf508cfd32fbab3e5c4394e3_11.3.0"},"/Users/andeladeveloper/Documents/Computing/CycleXXVIII/More-Recipes/server/helpers/isEmail.js":{"path":"/Users/andeladeveloper/Documents/Computing/CycleXXVIII/More-Recipes/server/helpers/isEmail.js","statementMap":{"0":{"start":{"line":3,"column":0},"end":{"line":5,"column":3}},"1":{"start":{"line":6,"column":14},"end":{"line":12,"column":1}},"2":{"start":{"line":7,"column":12},"end":{"line":7,"column":122}},"3":{"start":{"line":8,"column":2},"end":{"line":10,"column":3}},"4":{"start":{"line":9,"column":4},"end":{"line":9,"column":16}},"5":{"start":{"line":11,"column":2},"end":{"line":11,"column":15}},"6":{"start":{"line":14,"column":0},"end":{"line":14,"column":26}}},"fnMap":{"0":{"name":"isEmail","decl":{"start":{"line":6,"column":23},"end":{"line":6,"column":30}},"loc":{"start":{"line":6,"column":36},"end":{"line":12,"column":1}},"line":6}},"branchMap":{"0":{"loc":{"start":{"line":8,"column":2},"end":{"line":10,"column":3}},"type":"if","locations":[{"start":{"line":8,"column":2},"end":{"line":10,"column":3}},{"start":{"line":8,"column":2},"end":{"line":10,"column":3}}],"line":8},"1":{"loc":{"start":{"line":8,"column":6},"end":{"line":8,"column":35}},"type":"binary-expr","locations":[{"start":{"line":8,"column":6},"end":{"line":8,"column":20}},{"start":{"line":8,"column":24},"end":{"line":8,"column":35}}],"line":8}},"s":{"0":1,"1":1,"2":4,"3":4,"4":1,"5":3,"6":1},"f":{"0":4},"b":{"0":[1,3],"1":[4,3]},"_coverageSchema":"332fd63041d2c1bcb487cc26dd0d5f7d97098a6c","hash":"8aa683df5200d02b463d8b27c419413c78866c1d","contentHash":"cc186eeb6ee907c664f7bb9ae59c65d7_11.3.0"},"/Users/andeladeveloper/Documents/Computing/CycleXXVIII/More-Recipes/server/helpers/isEmpty.js":{"path":"/Users/andeladeveloper/Documents/Computing/CycleXXVIII/More-Recipes/server/helpers/isEmpty.js","statementMap":{"0":{"start":{"line":3,"column":0},"end":{"line":5,"column":3}},"1":{"start":{"line":6,"column":14},"end":{"line":12,"column":1}},"2":{"start":{"line":7,"column":12},"end":{"line":7,"column":20}},"3":{"start":{"line":8,"column":2},"end":{"line":10,"column":3}},"4":{"start":{"line":9,"column":4},"end":{"line":9,"column":16}},"5":{"start":{"line":11,"column":2},"end":{"line":11,"column":15}},"6":{"start":{"line":14,"column":0},"end":{"line":14,"column":26}}},"fnMap":{"0":{"name":"isEmpty","decl":{"start":{"line":6,"column":23},"end":{"line":6,"column":30}},"loc":{"start":{"line":6,"column":36},"end":{"line":12,"column":1}},"line":6}},"branchMap":{"0":{"loc":{"start":{"line":8,"column":2},"end":{"line":10,"column":3}},"type":"if","locations":[{"start":{"line":8,"column":2},"end":{"line":10,"column":3}},{"start":{"line":8,"column":2},"end":{"line":10,"column":3}}],"line":8},"1":{"loc":{"start":{"line":8,"column":6},"end":{"line":8,"column":35}},"type":"binary-expr","locations":[{"start":{"line":8,"column":6},"end":{"line":8,"column":20}},{"start":{"line":8,"column":24},"end":{"line":8,"column":35}}],"line":8}},"s":{"0":1,"1":1,"2":2,"3":2,"4":1,"5":1,"6":1},"f":{"0":2},"b":{"0":[1,1],"1":[2,1]},"_coverageSchema":"332fd63041d2c1bcb487cc26dd0d5f7d97098a6c","hash":"12d981c5dad092fb8c54a263d99c098fdd685a69","contentHash":"9492f53b87e7366055c34b691f06ad28_11.3.0"},"/Users/andeladeveloper/Documents/Computing/CycleXXVIII/More-Recipes/server/helpers/isNumber.js":{"path":"/Users/andeladeveloper/Documents/Computing/CycleXXVIII/More-Recipes/server/helpers/isNumber.js","statementMap":{"0":{"start":{"line":3,"column":0},"end":{"line":5,"column":3}},"1":{"start":{"line":6,"column":15},"end":{"line":12,"column":1}},"2":{"start":{"line":7,"column":12},"end":{"line":7,"column":22}},"3":{"start":{"line":8,"column":2},"end":{"line":10,"column":3}},"4":{"start":{"line":9,"column":4},"end":{"line":9,"column":16}},"5":{"start":{"line":11,"column":2},"end":{"line":11,"column":15}},"6":{"start":{"line":14,"column":0},"end":{"line":14,"column":27}}},"fnMap":{"0":{"name":"isNumber","decl":{"start":{"line":6,"column":24},"end":{"line":6,"column":32}},"loc":{"start":{"line":6,"column":38},"end":{"line":12,"column":1}},"line":6}},"branchMap":{"0":{"loc":{"start":{"line":8,"column":2},"end":{"line":10,"column":3}},"type":"if","locations":[{"start":{"line":8,"column":2},"end":{"line":10,"column":3}},{"start":{"line":8,"column":2},"end":{"line":10,"column":3}}],"line":8}},"s":{"0":1,"1":1,"2":2,"3":2,"4":1,"5":1,"6":1},"f":{"0":2},"b":{"0":[1,1]},"_coverageSchema":"332fd63041d2c1bcb487cc26dd0d5f7d97098a6c","hash":"3f4ec067461ed24d5405fcc3724b0a63fe57f7c0","contentHash":"8adc27890c89918e8841870d1aec4c7a_11.3.0"},"/Users/andeladeveloper/Documents/Computing/CycleXXVIII/More-Recipes/server/helpers/isAlphaNum.js":{"path":"/Users/andeladeveloper/Documents/Computing/CycleXXVIII/More-Recipes/server/helpers/isAlphaNum.js","statementMap":{"0":{"start":{"line":3,"column":0},"end":{"line":5,"column":3}},"1":{"start":{"line":6,"column":23},"end":{"line":12,"column":1}},"2":{"start":{"line":7,"column":12},"end":{"line":7,"column":28}},"3":{"start":{"line":8,"column":2},"end":{"line":10,"column":3}},"4":{"start":{"line":9,"column":4},"end":{"line":9,"column":16}},"5":{"start":{"line":11,"column":2},"end":{"line":11,"column":15}},"6":{"start":{"line":14,"column":0},"end":{"line":14,"column":35}}},"fnMap":{"0":{"name":"isAlphaNumeneric","decl":{"start":{"line":6,"column":32},"end":{"line":6,"column":48}},"loc":{"start":{"line":6,"column":54},"end":{"line":12,"column":1}},"line":6}},"branchMap":{"0":{"loc":{"start":{"line":8,"column":2},"end":{"line":10,"column":3}},"type":"if","locations":[{"start":{"line":8,"column":2},"end":{"line":10,"column":3}},{"start":{"line":8,"column":2},"end":{"line":10,"column":3}}],"line":8}},"s":{"0":1,"1":1,"2":5,"3":5,"4":4,"5":1,"6":1},"f":{"0":5},"b":{"0":[4,1]},"_coverageSchema":"332fd63041d2c1bcb487cc26dd0d5f7d97098a6c","hash":"16a8e1362e272e2b8a1d96819369d8e8be94cc86","contentHash":"11405eb05529bf9cf23d1a91a7f40665_11.3.0"},"/Users/andeladeveloper/Documents/Computing/CycleXXVIII/More-Recipes/server/test/userTest.js":{"path":"/Users/andeladeveloper/Documents/Computing/CycleXXVIII/More-Recipes/server/test/userTest.js","statementMap":{"0":{"start":{"line":3,"column":0},"end":{"line":3,"column":16}},"1":{"start":{"line":5,"column":0},"end":{"line":5,"column":17}},"2":{"start":{"line":7,"column":17},"end":{"line":7,"column":37}},"3":{"start":{"line":9,"column":18},"end":{"line":9,"column":52}},"4":{"start":{"line":11,"column":11},"end":{"line":11,"column":31}},"5":{"start":{"line":13,"column":12},"end":{"line":13,"column":40}},"6":{"start":{"line":15,"column":18},"end":{"line":15,"column":50}},"7":{"start":{"line":17,"column":19},"end":{"line":17,"column":54}},"8":{"start":{"line":19,"column":15},"end":{"line":19,"column":44}},"9":{"start":{"line":21,"column":16},"end":{"line":21,"column":48}},"10":{"start":{"line":23,"column":39},"end":{"line":23,"column":93}},"11":{"start":{"line":25,"column":21},"end":{"line":25,"column":56}},"12":{"start":{"line":26,"column":22},"end":{"line":26,"column":58}},"13":{"start":{"line":27,"column":19},"end":{"line":27,"column":52}},"14":{"start":{"line":28,"column":20},"end":{"line":28,"column":54}},"15":{"start":{"line":29,"column":20},"end":{"line":29,"column":54}},"16":{"start":{"line":30,"column":24},"end":{"line":30,"column":62}},"17":{"start":{"line":31,"column":15},"end":{"line":31,"column":44}},"18":{"start":{"line":33,"column":14},"end":{"line":33,"column":39}},"19":{"start":{"line":34,"column":13},"end":{"line":34,"column":53}},"20":{"start":{"line":35,"column":13},"end":{"line":35,"column":35}},"21":{"start":{"line":37,"column":0},"end":{"line":37,"column":10}},"22":{"start":{"line":39,"column":0},"end":{"line":49,"column":3}},"23":{"start":{"line":40,"column":2},"end":{"line":48,"column":5}},"24":{"start":{"line":41,"column":4},"end":{"line":47,"column":7}},"25":{"start":{"line":42,"column":6},"end":{"line":42,"column":37}},"26":{"start":{"line":43,"column":6},"end":{"line":43,"column":63}},"27":{"start":{"line":44,"column":6},"end":{"line":44,"column":43}},"28":{"start":{"line":45,"column":6},"end":{"line":45,"column":32}},"29":{"start":{"line":45,"column":15},"end":{"line":45,"column":32}},"30":{"start":{"line":46,"column":6},"end":{"line":46,"column":13}},"31":{"start":{"line":51,"column":0},"end":{"line":61,"column":3}},"32":{"start":{"line":52,"column":2},"end":{"line":60,"column":5}},"33":{"start":{"line":53,"column":4},"end":{"line":59,"column":7}},"34":{"start":{"line":54,"column":6},"end":{"line":54,"column":37}},"35":{"start":{"line":55,"column":6},"end":{"line":55,"column":43}},"36":{"start":{"line":56,"column":6},"end":{"line":56,"column":50}},"37":{"start":{"line":57,"column":6},"end":{"line":57,"column":32}},"38":{"start":{"line":57,"column":15},"end":{"line":57,"column":32}},"39":{"start":{"line":58,"column":6},"end":{"line":58,"column":13}},"40":{"start":{"line":63,"column":0},"end":{"line":72,"column":3}},"41":{"start":{"line":64,"column":2},"end":{"line":71,"column":5}},"42":{"start":{"line":65,"column":4},"end":{"line":70,"column":7}},"43":{"start":{"line":66,"column":6},"end":{"line":66,"column":43}},"44":{"start":{"line":67,"column":6},"end":{"line":67,"column":63}},"45":{"start":{"line":68,"column":6},"end":{"line":68,"column":32}},"46":{"start":{"line":68,"column":15},"end":{"line":68,"column":32}},"47":{"start":{"line":69,"column":6},"end":{"line":69,"column":13}},"48":{"start":{"line":74,"column":0},"end":{"line":138,"column":3}},"49":{"start":{"line":75,"column":2},"end":{"line":83,"column":5}},"50":{"start":{"line":76,"column":4},"end":{"line":82,"column":7}},"51":{"start":{"line":77,"column":6},"end":{"line":77,"column":43}},"52":{"start":{"line":78,"column":6},"end":{"line":78,"column":50}},"53":{"start":{"line":79,"column":6},"end":{"line":79,"column":59}},"54":{"start":{"line":80,"column":6},"end":{"line":80,"column":32}},"55":{"start":{"line":80,"column":15},"end":{"line":80,"column":32}},"56":{"start":{"line":81,"column":6},"end":{"line":81,"column":13}},"57":{"start":{"line":84,"column":2},"end":{"line":92,"column":5}},"58":{"start":{"line":85,"column":4},"end":{"line":91,"column":7}},"59":{"start":{"line":86,"column":6},"end":{"line":86,"column":43}},"60":{"start":{"line":87,"column":6},"end":{"line":87,"column":50}},"61":{"start":{"line":88,"column":6},"end":{"line":88,"column":59}},"62":{"start":{"line":89,"column":6},"end":{"line":89,"column":32}},"63":{"start":{"line":89,"column":15},"end":{"line":89,"column":32}},"64":{"start":{"line":90,"column":6},"end":{"line":90,"column":13}},"65":{"start":{"line":94,"column":2},"end":{"line":102,"column":5}},"66":{"start":{"line":95,"column":4},"end":{"line":101,"column":7}},"67":{"start":{"line":96,"column":6},"end":{"line":96,"column":43}},"68":{"start":{"line":97,"column":6},"end":{"line":97,"column":47}},"69":{"start":{"line":99,"column":6},"end":{"line":99,"column":32}},"70":{"start":{"line":99,"column":15},"end":{"line":99,"column":32}},"71":{"start":{"line":100,"column":6},"end":{"line":100,"column":13}},"72":{"start":{"line":103,"column":2},"end":{"line":111,"column":5}},"73":{"start":{"line":104,"column":4},"end":{"line":110,"column":7}},"74":{"start":{"line":105,"column":6},"end":{"line":105,"column":43}},"75":{"start":{"line":106,"column":6},"end":{"line":106,"column":47}},"76":{"start":{"line":108,"column":6},"end":{"line":108,"column":32}},"77":{"start":{"line":108,"column":15},"end":{"line":108,"column":32}},"78":{"start":{"line":109,"column":6},"end":{"line":109,"column":13}},"79":{"start":{"line":112,"column":2},"end":{"line":119,"column":5}},"80":{"start":{"line":113,"column":4},"end":{"line":118,"column":7}},"81":{"start":{"line":114,"column":6},"end":{"line":114,"column":43}},"82":{"start":{"line":115,"column":6},"end":{"line":115,"column":47}},"83":{"start":{"line":116,"column":6},"end":{"line":116,"column":32}},"84":{"start":{"line":116,"column":15},"end":{"line":116,"column":32}},"85":{"start":{"line":117,"column":6},"end":{"line":117,"column":13}},"86":{"start":{"line":120,"column":2},"end":{"line":128,"column":5}},"87":{"start":{"line":121,"column":4},"end":{"line":127,"column":7}},"88":{"start":{"line":122,"column":6},"end":{"line":122,"column":43}},"89":{"start":{"line":123,"column":6},"end":{"line":123,"column":47}},"90":{"start":{"line":124,"column":6},"end":{"line":124,"column":67}},"91":{"start":{"line":125,"column":6},"end":{"line":125,"column":32}},"92":{"start":{"line":125,"column":15},"end":{"line":125,"column":32}},"93":{"start":{"line":126,"column":6},"end":{"line":126,"column":13}},"94":{"start":{"line":129,"column":2},"end":{"line":137,"column":5}},"95":{"start":{"line":130,"column":4},"end":{"line":136,"column":7}},"96":{"start":{"line":131,"column":6},"end":{"line":131,"column":43}},"97":{"start":{"line":132,"column":6},"end":{"line":132,"column":47}},"98":{"start":{"line":133,"column":6},"end":{"line":133,"column":67}},"99":{"start":{"line":134,"column":6},"end":{"line":134,"column":32}},"100":{"start":{"line":134,"column":15},"end":{"line":134,"column":32}},"101":{"start":{"line":135,"column":6},"end":{"line":135,"column":13}},"102":{"start":{"line":140,"column":0},"end":{"line":151,"column":3}},"103":{"start":{"line":142,"column":2},"end":{"line":150,"column":5}},"104":{"start":{"line":143,"column":4},"end":{"line":149,"column":7}},"105":{"start":{"line":144,"column":6},"end":{"line":144,"column":43}},"106":{"start":{"line":145,"column":6},"end":{"line":145,"column":50}},"107":{"start":{"line":146,"column":6},"end":{"line":146,"column":76}},"108":{"start":{"line":147,"column":6},"end":{"line":147,"column":32}},"109":{"start":{"line":147,"column":15},"end":{"line":147,"column":32}},"110":{"start":{"line":148,"column":6},"end":{"line":148,"column":13}},"111":{"start":{"line":153,"column":0},"end":{"line":172,"column":3}},"112":{"start":{"line":154,"column":2},"end":{"line":162,"column":5}},"113":{"start":{"line":155,"column":4},"end":{"line":161,"column":7}},"114":{"start":{"line":156,"column":6},"end":{"line":156,"column":43}},"115":{"start":{"line":157,"column":6},"end":{"line":157,"column":47}},"116":{"start":{"line":158,"column":6},"end":{"line":158,"column":67}},"117":{"start":{"line":159,"column":6},"end":{"line":159,"column":32}},"118":{"start":{"line":159,"column":15},"end":{"line":159,"column":32}},"119":{"start":{"line":160,"column":6},"end":{"line":160,"column":13}},"120":{"start":{"line":163,"column":2},"end":{"line":171,"column":5}},"121":{"start":{"line":164,"column":4},"end":{"line":170,"column":7}},"122":{"start":{"line":165,"column":6},"end":{"line":165,"column":43}},"123":{"start":{"line":166,"column":6},"end":{"line":166,"column":47}},"124":{"start":{"line":167,"column":6},"end":{"line":167,"column":67}},"125":{"start":{"line":168,"column":6},"end":{"line":168,"column":32}},"126":{"start":{"line":168,"column":15},"end":{"line":168,"column":32}},"127":{"start":{"line":169,"column":6},"end":{"line":169,"column":13}},"128":{"start":{"line":174,"column":0},"end":{"line":193,"column":3}},"129":{"start":{"line":175,"column":2},"end":{"line":183,"column":5}},"130":{"start":{"line":176,"column":4},"end":{"line":182,"column":7}},"131":{"start":{"line":177,"column":6},"end":{"line":177,"column":43}},"132":{"start":{"line":178,"column":6},"end":{"line":178,"column":47}},"133":{"start":{"line":179,"column":6},"end":{"line":179,"column":63}},"134":{"start":{"line":180,"column":6},"end":{"line":180,"column":32}},"135":{"start":{"line":180,"column":15},"end":{"line":180,"column":32}},"136":{"start":{"line":181,"column":6},"end":{"line":181,"column":13}},"137":{"start":{"line":184,"column":2},"end":{"line":192,"column":5}},"138":{"start":{"line":185,"column":4},"end":{"line":191,"column":7}},"139":{"start":{"line":186,"column":6},"end":{"line":186,"column":43}},"140":{"start":{"line":187,"column":6},"end":{"line":187,"column":47}},"141":{"start":{"line":188,"column":6},"end":{"line":188,"column":63}},"142":{"start":{"line":189,"column":6},"end":{"line":189,"column":32}},"143":{"start":{"line":189,"column":15},"end":{"line":189,"column":32}},"144":{"start":{"line":190,"column":6},"end":{"line":190,"column":13}},"145":{"start":{"line":195,"column":0},"end":{"line":212,"column":3}},"146":{"start":{"line":196,"column":2},"end":{"line":204,"column":5}},"147":{"start":{"line":197,"column":4},"end":{"line":203,"column":7}},"148":{"start":{"line":198,"column":6},"end":{"line":198,"column":43}},"149":{"start":{"line":199,"column":6},"end":{"line":199,"column":47}},"150":{"start":{"line":200,"column":6},"end":{"line":200,"column":63}},"151":{"start":{"line":201,"column":6},"end":{"line":201,"column":32}},"152":{"start":{"line":201,"column":15},"end":{"line":201,"column":32}},"153":{"start":{"line":202,"column":6},"end":{"line":202,"column":13}},"154":{"start":{"line":205,"column":2},"end":{"line":211,"column":5}},"155":{"start":{"line":206,"column":4},"end":{"line":210,"column":7}},"156":{"start":{"line":207,"column":6},"end":{"line":207,"column":43}},"157":{"start":{"line":208,"column":6},"end":{"line":208,"column":32}},"158":{"start":{"line":208,"column":15},"end":{"line":208,"column":32}},"159":{"start":{"line":209,"column":6},"end":{"line":209,"column":13}},"160":{"start":{"line":214,"column":0},"end":{"line":221,"column":3}},"161":{"start":{"line":215,"column":2},"end":{"line":220,"column":5}},"162":{"start":{"line":216,"column":4},"end":{"line":216,"column":41}},"163":{"start":{"line":217,"column":4},"end":{"line":217,"column":61}},"164":{"start":{"line":218,"column":4},"end":{"line":218,"column":30}},"165":{"start":{"line":218,"column":13},"end":{"line":218,"column":30}},"166":{"start":{"line":219,"column":4},"end":{"line":219,"column":11}}},"fnMap":{"0":{"name":"_interopRequireDefault","decl":{"start":{"line":23,"column":9},"end":{"line":23,"column":31}},"loc":{"start":{"line":23,"column":37},"end":{"line":23,"column":95}},"line":23},"1":{"name":"(anonymous_1)","decl":{"start":{"line":39,"column":35},"end":{"line":39,"column":36}},"loc":{"start":{"line":39,"column":47},"end":{"line":49,"column":1}},"line":39},"2":{"name":"(anonymous_2)","decl":{"start":{"line":40,"column":48},"end":{"line":40,"column":49}},"loc":{"start":{"line":40,"column":64},"end":{"line":48,"column":3}},"line":40},"3":{"name":"(anonymous_3)","decl":{"start":{"line":41,"column":99},"end":{"line":41,"column":100}},"loc":{"start":{"line":41,"column":119},"end":{"line":47,"column":5}},"line":41},"4":{"name":"(anonymous_4)","decl":{"start":{"line":51,"column":28},"end":{"line":51,"column":29}},"loc":{"start":{"line":51,"column":40},"end":{"line":61,"column":1}},"line":51},"5":{"name":"(anonymous_5)","decl":{"start":{"line":52,"column":42},"end":{"line":52,"column":43}},"loc":{"start":{"line":52,"column":58},"end":{"line":60,"column":3}},"line":52},"6":{"name":"(anonymous_6)","decl":{"start":{"line":53,"column":99},"end":{"line":53,"column":100}},"loc":{"start":{"line":53,"column":119},"end":{"line":59,"column":5}},"line":53},"7":{"name":"(anonymous_7)","decl":{"start":{"line":63,"column":33},"end":{"line":63,"column":34}},"loc":{"start":{"line":63,"column":45},"end":{"line":72,"column":1}},"line":63},"8":{"name":"(anonymous_8)","decl":{"start":{"line":64,"column":40},"end":{"line":64,"column":41}},"loc":{"start":{"line":64,"column":56},"end":{"line":71,"column":3}},"line":64},"9":{"name":"(anonymous_9)","decl":{"start":{"line":65,"column":105},"end":{"line":65,"column":106}},"loc":{"start":{"line":65,"column":125},"end":{"line":70,"column":5}},"line":65},"10":{"name":"(anonymous_10)","decl":{"start":{"line":74,"column":30},"end":{"line":74,"column":31}},"loc":{"start":{"line":74,"column":42},"end":{"line":138,"column":1}},"line":74},"11":{"name":"(anonymous_11)","decl":{"start":{"line":75,"column":43},"end":{"line":75,"column":44}},"loc":{"start":{"line":75,"column":59},"end":{"line":83,"column":3}},"line":75},"12":{"name":"(anonymous_12)","decl":{"start":{"line":76,"column":187},"end":{"line":76,"column":188}},"loc":{"start":{"line":76,"column":207},"end":{"line":82,"column":5}},"line":76},"13":{"name":"(anonymous_13)","decl":{"start":{"line":84,"column":43},"end":{"line":84,"column":44}},"loc":{"start":{"line":84,"column":59},"end":{"line":92,"column":3}},"line":84},"14":{"name":"(anonymous_14)","decl":{"start":{"line":85,"column":187},"end":{"line":85,"column":188}},"loc":{"start":{"line":85,"column":207},"end":{"line":91,"column":5}},"line":85},"15":{"name":"(anonymous_15)","decl":{"start":{"line":94,"column":60},"end":{"line":94,"column":61}},"loc":{"start":{"line":94,"column":76},"end":{"line":102,"column":3}},"line":94},"16":{"name":"(anonymous_16)","decl":{"start":{"line":95,"column":187},"end":{"line":95,"column":188}},"loc":{"start":{"line":95,"column":207},"end":{"line":101,"column":5}},"line":95},"17":{"name":"(anonymous_17)","decl":{"start":{"line":103,"column":60},"end":{"line":103,"column":61}},"loc":{"start":{"line":103,"column":76},"end":{"line":111,"column":3}},"line":103},"18":{"name":"(anonymous_18)","decl":{"start":{"line":104,"column":187},"end":{"line":104,"column":188}},"loc":{"start":{"line":104,"column":207},"end":{"line":110,"column":5}},"line":104},"19":{"name":"(anonymous_19)","decl":{"start":{"line":112,"column":59},"end":{"line":112,"column":60}},"loc":{"start":{"line":112,"column":75},"end":{"line":119,"column":3}},"line":112},"20":{"name":"(anonymous_20)","decl":{"start":{"line":113,"column":187},"end":{"line":113,"column":188}},"loc":{"start":{"line":113,"column":207},"end":{"line":118,"column":5}},"line":113},"21":{"name":"(anonymous_21)","decl":{"start":{"line":120,"column":49},"end":{"line":120,"column":50}},"loc":{"start":{"line":120,"column":65},"end":{"line":128,"column":3}},"line":120},"22":{"name":"(anonymous_22)","decl":{"start":{"line":121,"column":187},"end":{"line":121,"column":188}},"loc":{"start":{"line":121,"column":207},"end":{"line":127,"column":5}},"line":121},"23":{"name":"(anonymous_23)","decl":{"start":{"line":129,"column":48},"end":{"line":129,"column":49}},"loc":{"start":{"line":129,"column":64},"end":{"line":137,"column":3}},"line":129},"24":{"name":"(anonymous_24)","decl":{"start":{"line":130,"column":187},"end":{"line":130,"column":188}},"loc":{"start":{"line":130,"column":207},"end":{"line":136,"column":5}},"line":130},"25":{"name":"(anonymous_25)","decl":{"start":{"line":140,"column":23},"end":{"line":140,"column":24}},"loc":{"start":{"line":140,"column":35},"end":{"line":151,"column":1}},"line":140},"26":{"name":"(anonymous_26)","decl":{"start":{"line":142,"column":48},"end":{"line":142,"column":49}},"loc":{"start":{"line":142,"column":64},"end":{"line":150,"column":3}},"line":142},"27":{"name":"(anonymous_27)","decl":{"start":{"line":143,"column":188},"end":{"line":143,"column":189}},"loc":{"start":{"line":143,"column":208},"end":{"line":149,"column":5}},"line":143},"28":{"name":"(anonymous_28)","decl":{"start":{"line":153,"column":46},"end":{"line":153,"column":47}},"loc":{"start":{"line":153,"column":58},"end":{"line":172,"column":1}},"line":153},"29":{"name":"(anonymous_29)","decl":{"start":{"line":154,"column":33},"end":{"line":154,"column":34}},"loc":{"start":{"line":154,"column":49},"end":{"line":162,"column":3}},"line":154},"30":{"name":"(anonymous_30)","decl":{"start":{"line":155,"column":186},"end":{"line":155,"column":187}},"loc":{"start":{"line":155,"column":206},"end":{"line":161,"column":5}},"line":155},"31":{"name":"(anonymous_31)","decl":{"start":{"line":163,"column":33},"end":{"line":163,"column":34}},"loc":{"start":{"line":163,"column":49},"end":{"line":171,"column":3}},"line":163},"32":{"name":"(anonymous_32)","decl":{"start":{"line":164,"column":186},"end":{"line":164,"column":187}},"loc":{"start":{"line":164,"column":206},"end":{"line":170,"column":5}},"line":164},"33":{"name":"(anonymous_33)","decl":{"start":{"line":174,"column":49},"end":{"line":174,"column":50}},"loc":{"start":{"line":174,"column":61},"end":{"line":193,"column":1}},"line":174},"34":{"name":"(anonymous_34)","decl":{"start":{"line":175,"column":53},"end":{"line":175,"column":54}},"loc":{"start":{"line":175,"column":69},"end":{"line":183,"column":3}},"line":175},"35":{"name":"(anonymous_35)","decl":{"start":{"line":176,"column":185},"end":{"line":176,"column":186}},"loc":{"start":{"line":176,"column":205},"end":{"line":182,"column":5}},"line":176},"36":{"name":"(anonymous_36)","decl":{"start":{"line":184,"column":53},"end":{"line":184,"column":54}},"loc":{"start":{"line":184,"column":69},"end":{"line":192,"column":3}},"line":184},"37":{"name":"(anonymous_37)","decl":{"start":{"line":185,"column":185},"end":{"line":185,"column":186}},"loc":{"start":{"line":185,"column":205},"end":{"line":191,"column":5}},"line":185},"38":{"name":"(anonymous_38)","decl":{"start":{"line":195,"column":43},"end":{"line":195,"column":44}},"loc":{"start":{"line":195,"column":55},"end":{"line":212,"column":1}},"line":195},"39":{"name":"(anonymous_39)","decl":{"start":{"line":196,"column":53},"end":{"line":196,"column":54}},"loc":{"start":{"line":196,"column":69},"end":{"line":204,"column":3}},"line":196},"40":{"name":"(anonymous_40)","decl":{"start":{"line":197,"column":190},"end":{"line":197,"column":191}},"loc":{"start":{"line":197,"column":210},"end":{"line":203,"column":5}},"line":197},"41":{"name":"(anonymous_41)","decl":{"start":{"line":205,"column":28},"end":{"line":205,"column":29}},"loc":{"start":{"line":205,"column":44},"end":{"line":211,"column":3}},"line":205},"42":{"name":"(anonymous_42)","decl":{"start":{"line":206,"column":181},"end":{"line":206,"column":182}},"loc":{"start":{"line":206,"column":201},"end":{"line":210,"column":5}},"line":206},"43":{"name":"(anonymous_43)","decl":{"start":{"line":214,"column":23},"end":{"line":214,"column":24}},"loc":{"start":{"line":214,"column":39},"end":{"line":221,"column":1}},"line":214},"44":{"name":"(anonymous_44)","decl":{"start":{"line":215,"column":154},"end":{"line":215,"column":155}},"loc":{"start":{"line":215,"column":174},"end":{"line":220,"column":3}},"line":215}},"branchMap":{"0":{"loc":{"start":{"line":23,"column":46},"end":{"line":23,"column":92}},"type":"cond-expr","locations":[{"start":{"line":23,"column":70},"end":{"line":23,"column":73}},{"start":{"line":23,"column":76},"end":{"line":23,"column":92}}],"line":23},"1":{"loc":{"start":{"line":23,"column":46},"end":{"line":23,"column":67}},"type":"binary-expr","locations":[{"start":{"line":23,"column":46},"end":{"line":23,"column":49}},{"start":{"line":23,"column":53},"end":{"line":23,"column":67}}],"line":23},"2":{"loc":{"start":{"line":45,"column":6},"end":{"line":45,"column":32}},"type":"if","locations":[{"start":{"line":45,"column":6},"end":{"line":45,"column":32}},{"start":{"line":45,"column":6},"end":{"line":45,"column":32}}],"line":45},"3":{"loc":{"start":{"line":57,"column":6},"end":{"line":57,"column":32}},"type":"if","locations":[{"start":{"line":57,"column":6},"end":{"line":57,"column":32}},{"start":{"line":57,"column":6},"end":{"line":57,"column":32}}],"line":57},"4":{"loc":{"start":{"line":68,"column":6},"end":{"line":68,"column":32}},"type":"if","locations":[{"start":{"line":68,"column":6},"end":{"line":68,"column":32}},{"start":{"line":68,"column":6},"end":{"line":68,"column":32}}],"line":68},"5":{"loc":{"start":{"line":80,"column":6},"end":{"line":80,"column":32}},"type":"if","locations":[{"start":{"line":80,"column":6},"end":{"line":80,"column":32}},{"start":{"line":80,"column":6},"end":{"line":80,"column":32}}],"line":80},"6":{"loc":{"start":{"line":89,"column":6},"end":{"line":89,"column":32}},"type":"if","locations":[{"start":{"line":89,"column":6},"end":{"line":89,"column":32}},{"start":{"line":89,"column":6},"end":{"line":89,"column":32}}],"line":89},"7":{"loc":{"start":{"line":99,"column":6},"end":{"line":99,"column":32}},"type":"if","locations":[{"start":{"line":99,"column":6},"end":{"line":99,"column":32}},{"start":{"line":99,"column":6},"end":{"line":99,"column":32}}],"line":99},"8":{"loc":{"start":{"line":108,"column":6},"end":{"line":108,"column":32}},"type":"if","locations":[{"start":{"line":108,"column":6},"end":{"line":108,"column":32}},{"start":{"line":108,"column":6},"end":{"line":108,"column":32}}],"line":108},"9":{"loc":{"start":{"line":116,"column":6},"end":{"line":116,"column":32}},"type":"if","locations":[{"start":{"line":116,"column":6},"end":{"line":116,"column":32}},{"start":{"line":116,"column":6},"end":{"line":116,"column":32}}],"line":116},"10":{"loc":{"start":{"line":125,"column":6},"end":{"line":125,"column":32}},"type":"if","locations":[{"start":{"line":125,"column":6},"end":{"line":125,"column":32}},{"start":{"line":125,"column":6},"end":{"line":125,"column":32}}],"line":125},"11":{"loc":{"start":{"line":134,"column":6},"end":{"line":134,"column":32}},"type":"if","locations":[{"start":{"line":134,"column":6},"end":{"line":134,"column":32}},{"start":{"line":134,"column":6},"end":{"line":134,"column":32}}],"line":134},"12":{"loc":{"start":{"line":147,"column":6},"end":{"line":147,"column":32}},"type":"if","locations":[{"start":{"line":147,"column":6},"end":{"line":147,"column":32}},{"start":{"line":147,"column":6},"end":{"line":147,"column":32}}],"line":147},"13":{"loc":{"start":{"line":159,"column":6},"end":{"line":159,"column":32}},"type":"if","locations":[{"start":{"line":159,"column":6},"end":{"line":159,"column":32}},{"start":{"line":159,"column":6},"end":{"line":159,"column":32}}],"line":159},"14":{"loc":{"start":{"line":168,"column":6},"end":{"line":168,"column":32}},"type":"if","locations":[{"start":{"line":168,"column":6},"end":{"line":168,"column":32}},{"start":{"line":168,"column":6},"end":{"line":168,"column":32}}],"line":168},"15":{"loc":{"start":{"line":180,"column":6},"end":{"line":180,"column":32}},"type":"if","locations":[{"start":{"line":180,"column":6},"end":{"line":180,"column":32}},{"start":{"line":180,"column":6},"end":{"line":180,"column":32}}],"line":180},"16":{"loc":{"start":{"line":189,"column":6},"end":{"line":189,"column":32}},"type":"if","locations":[{"start":{"line":189,"column":6},"end":{"line":189,"column":32}},{"start":{"line":189,"column":6},"end":{"line":189,"column":32}}],"line":189},"17":{"loc":{"start":{"line":201,"column":6},"end":{"line":201,"column":32}},"type":"if","locations":[{"start":{"line":201,"column":6},"end":{"line":201,"column":32}},{"start":{"line":201,"column":6},"end":{"line":201,"column":32}}],"line":201},"18":{"loc":{"start":{"line":208,"column":6},"end":{"line":208,"column":32}},"type":"if","locations":[{"start":{"line":208,"column":6},"end":{"line":208,"column":32}},{"start":{"line":208,"column":6},"end":{"line":208,"column":32}}],"line":208},"19":{"loc":{"start":{"line":218,"column":4},"end":{"line":218,"column":30}},"type":"if","locations":[{"start":{"line":218,"column":4},"end":{"line":218,"column":30}},{"start":{"line":218,"column":4},"end":{"line":218,"column":30}}],"line":218}},"s":{"0":1,"1":1,"2":1,"3":1,"4":1,"5":1,"6":1,"7":1,"8":1,"9":1,"10":4,"11":1,"12":1,"13":1,"14":1,"15":1,"16":1,"17":1,"18":1,"19":1,"20":1,"21":1,"22":1,"23":1,"24":1,"25":1,"26":1,"27":1,"28":1,"29":0,"30":1,"31":1,"32":1,"33":1,"34":1,"35":1,"36":1,"37":1,"38":0,"39":1,"40":1,"41":1,"42":1,"43":1,"44":1,"45":1,"46":0,"47":1,"48":1,"49":1,"50":0,"51":0,"52":0,"53":0,"54":0,"55":0,"56":0,"57":1,"58":0,"59":0,"60":0,"61":0,"62":0,"63":0,"64":0,"65":1,"66":1,"67":1,"68":1,"69":1,"70":0,"71":1,"72":1,"73":1,"74":1,"75":1,"76":1,"77":0,"78":1,"79":1,"80":1,"81":1,"82":1,"83":1,"84":0,"85":1,"86":1,"87":1,"88":1,"89":1,"90":1,"91":1,"92":0,"93":1,"94":1,"95":1,"96":1,"97":1,"98":1,"99":1,"100":0,"101":1,"102":1,"103":1,"104":0,"105":0,"106":0,"107":0,"108":0,"109":0,"110":0,"111":1,"112":1,"113":1,"114":1,"115":1,"116":1,"117":1,"118":0,"119":1,"120":1,"121":1,"122":1,"123":1,"124":1,"125":1,"126":0,"127":1,"128":1,"129":1,"130":1,"131":1,"132":1,"133":1,"134":1,"135":0,"136":1,"137":1,"138":1,"139":1,"140":1,"141":1,"142":1,"143":0,"144":1,"145":1,"146":1,"147":1,"148":1,"149":1,"150":1,"151":1,"152":0,"153":1,"154":1,"155":1,"156":1,"157":1,"158":0,"159":1,"160":1,"161":1,"162":1,"163":1,"164":1,"165":0,"166":1},"f":{"0":4,"1":1,"2":1,"3":1,"4":1,"5":1,"6":1,"7":1,"8":1,"9":1,"10":1,"11":0,"12":0,"13":0,"14":0,"15":1,"16":1,"17":1,"18":1,"19":1,"20":1,"21":1,"22":1,"23":1,"24":1,"25":1,"26":0,"27":0,"28":1,"29":1,"30":1,"31":1,"32":1,"33":1,"34":1,"35":1,"36":1,"37":1,"38":1,"39":1,"40":1,"41":1,"42":1,"43":1,"44":1},"b":{"0":[3,1],"1":[4,4],"2":[0,1],"3":[0,1],"4":[0,1],"5":[0,0],"6":[0,0],"7":[0,1],"8":[0,1],"9":[0,1],"10":[0,1],"11":[0,1],"12":[0,0],"13":[0,1],"14":[0,1],"15":[0,1],"16":[0,1],"17":[0,1],"18":[0,1],"19":[0,1]},"_coverageSchema":"332fd63041d2c1bcb487cc26dd0d5f7d97098a6c","hash":"221ece902588f3fb30d99c480c44c5fe64a4dbd8","contentHash":"e71aa3a6705416b5540bb5c3e924398d_11.3.0"},"/Users/andeladeveloper/Documents/Computing/CycleXXVIII/More-Recipes/app.js":{"path":"/Users/andeladeveloper/Documents/Computing/CycleXXVIII/More-Recipes/app.js","statementMap":{"0":{"start":{"line":3,"column":0},"end":{"line":5,"column":3}},"1":{"start":{"line":7,"column":15},"end":{"line":7,"column":33}},"2":{"start":{"line":9,"column":16},"end":{"line":9,"column":48}},"3":{"start":{"line":11,"column":14},"end":{"line":11,"column":31}},"4":{"start":{"line":13,"column":15},"end":{"line":13,"column":46}},"5":{"start":{"line":15,"column":18},"end":{"line":15,"column":40}},"6":{"start":{"line":17,"column":19},"end":{"line":17,"column":54}},"7":{"start":{"line":19,"column":13},"end":{"line":19,"column":45}},"8":{"start":{"line":21,"column":14},"end":{"line":21,"column":44}},"9":{"start":{"line":23,"column":39},"end":{"line":23,"column":93}},"10":{"start":{"line":25,"column":16},"end":{"line":25,"column":36}},"11":{"start":{"line":26,"column":18},"end":{"line":26,"column":40}},"12":{"start":{"line":27,"column":18},"end":{"line":27,"column":40}},"13":{"start":{"line":28,"column":20},"end":{"line":28,"column":44}},"14":{"start":{"line":29,"column":16},"end":{"line":29,"column":36}},"15":{"start":{"line":32,"column":10},"end":{"line":32,"column":34}},"16":{"start":{"line":35,"column":0},"end":{"line":35,"column":38}},"17":{"start":{"line":37,"column":0},"end":{"line":37,"column":37}},"18":{"start":{"line":38,"column":0},"end":{"line":38,"column":37}},"19":{"start":{"line":39,"column":0},"end":{"line":39,"column":65}},"20":{"start":{"line":40,"column":0},"end":{"line":40,"column":61}},"21":{"start":{"line":43,"column":0},"end":{"line":43,"column":19}},"22":{"start":{"line":44,"column":0},"end":{"line":44,"column":21}},"23":{"start":{"line":45,"column":0},"end":{"line":45,"column":23}},"24":{"start":{"line":46,"column":0},"end":{"line":46,"column":21}},"25":{"start":{"line":47,"column":0},"end":{"line":47,"column":19}},"26":{"start":{"line":49,"column":0},"end":{"line":54,"column":3}},"27":{"start":{"line":50,"column":2},"end":{"line":53,"column":5}},"28":{"start":{"line":56,"column":0},"end":{"line":60,"column":3}},"29":{"start":{"line":57,"column":2},"end":{"line":59,"column":5}},"30":{"start":{"line":62,"column":0},"end":{"line":62,"column":22}}},"fnMap":{"0":{"name":"_interopRequireDefault","decl":{"start":{"line":23,"column":9},"end":{"line":23,"column":31}},"loc":{"start":{"line":23,"column":37},"end":{"line":23,"column":95}},"line":23},"1":{"name":"(anonymous_1)","decl":{"start":{"line":49,"column":16},"end":{"line":49,"column":17}},"loc":{"start":{"line":49,"column":36},"end":{"line":54,"column":1}},"line":49},"2":{"name":"(anonymous_2)","decl":{"start":{"line":56,"column":13},"end":{"line":56,"column":14}},"loc":{"start":{"line":56,"column":33},"end":{"line":60,"column":1}},"line":56}},"branchMap":{"0":{"loc":{"start":{"line":23,"column":46},"end":{"line":23,"column":92}},"type":"cond-expr","locations":[{"start":{"line":23,"column":70},"end":{"line":23,"column":73}},{"start":{"line":23,"column":76},"end":{"line":23,"column":92}}],"line":23},"1":{"loc":{"start":{"line":23,"column":46},"end":{"line":23,"column":67}},"type":"binary-expr","locations":[{"start":{"line":23,"column":46},"end":{"line":23,"column":49}},{"start":{"line":23,"column":53},"end":{"line":23,"column":67}}],"line":23}},"s":{"0":1,"1":1,"2":1,"3":1,"4":1,"5":1,"6":1,"7":1,"8":1,"9":4,"10":1,"11":1,"12":1,"13":1,"14":1,"15":1,"16":1,"17":1,"18":1,"19":1,"20":1,"21":1,"22":1,"23":1,"24":1,"25":1,"26":1,"27":2,"28":1,"29":2,"30":1},"f":{"0":4,"1":2,"2":2},"b":{"0":[1,3],"1":[4,4]},"_coverageSchema":"332fd63041d2c1bcb487cc26dd0d5f7d97098a6c","hash":"26b3c14b0b73bf00c9f5a1903407984a2dfe731c","contentHash":"0740420dac4ffb7de55d13a39f24a85e_11.3.0"},"/Users/andeladeveloper/Documents/Computing/CycleXXVIII/More-Recipes/server/routes/index.js":{"path":"/Users/andeladeveloper/Documents/Computing/CycleXXVIII/More-Recipes/server/routes/index.js","statementMap":{"0":{"start":{"line":3,"column":0},"end":{"line":5,"column":3}},"1":{"start":{"line":7,"column":12},"end":{"line":7,"column":29}},"2":{"start":{"line":9,"column":13},"end":{"line":9,"column":42}},"3":{"start":{"line":11,"column":12},"end":{"line":11,"column":29}},"4":{"start":{"line":13,"column":13},"end":{"line":13,"column":42}},"5":{"start":{"line":15,"column":14},"end":{"line":15,"column":33}},"6":{"start":{"line":17,"column":15},"end":{"line":17,"column":46}},"7":{"start":{"line":19,"column":14},"end":{"line":19,"column":33}},"8":{"start":{"line":21,"column":15},"end":{"line":21,"column":46}},"9":{"start":{"line":23,"column":16},"end":{"line":23,"column":37}},"10":{"start":{"line":25,"column":17},"end":{"line":25,"column":50}},"11":{"start":{"line":27,"column":39},"end":{"line":27,"column":93}},"12":{"start":{"line":29,"column":0},"end":{"line":31,"column":2}}},"fnMap":{"0":{"name":"_interopRequireDefault","decl":{"start":{"line":27,"column":9},"end":{"line":27,"column":31}},"loc":{"start":{"line":27,"column":37},"end":{"line":27,"column":95}},"line":27}},"branchMap":{"0":{"loc":{"start":{"line":27,"column":46},"end":{"line":27,"column":92}},"type":"cond-expr","locations":[{"start":{"line":27,"column":70},"end":{"line":27,"column":73}},{"start":{"line":27,"column":76},"end":{"line":27,"column":92}}],"line":27},"1":{"loc":{"start":{"line":27,"column":46},"end":{"line":27,"column":67}},"type":"binary-expr","locations":[{"start":{"line":27,"column":46},"end":{"line":27,"column":49}},{"start":{"line":27,"column":53},"end":{"line":27,"column":67}}],"line":27}},"s":{"0":1,"1":1,"2":1,"3":1,"4":1,"5":1,"6":1,"7":1,"8":1,"9":1,"10":1,"11":5,"12":1},"f":{"0":5},"b":{"0":[5,0],"1":[5,5]},"_coverageSchema":"332fd63041d2c1bcb487cc26dd0d5f7d97098a6c","hash":"7121c0a71aadd3e3c1d737d1589bde0b75bf2d13","contentHash":"6d4c7ea17c1831c4b54685d21fa7dc75_11.3.0"},"/Users/andeladeveloper/Documents/Computing/CycleXXVIII/More-Recipes/server/routes/user.js":{"path":"/Users/andeladeveloper/Documents/Computing/CycleXXVIII/More-Recipes/server/routes/user.js","statementMap":{"0":{"start":{"line":3,"column":0},"end":{"line":5,"column":3}},"1":{"start":{"line":7,"column":15},"end":{"line":7,"column":33}},"2":{"start":{"line":9,"column":16},"end":{"line":9,"column":48}},"3":{"start":{"line":11,"column":12},"end":{"line":11,"column":42}},"4":{"start":{"line":13,"column":13},"end":{"line":13,"column":42}},"5":{"start":{"line":15,"column":12},"end":{"line":15,"column":42}},"6":{"start":{"line":17,"column":22},"end":{"line":17,"column":62}},"7":{"start":{"line":19,"column":39},"end":{"line":19,"column":93}},"8":{"start":{"line":21,"column":13},"end":{"line":21,"column":39}},"9":{"start":{"line":23,"column":0},"end":{"line":23,"column":184}},"10":{"start":{"line":24,"column":0},"end":{"line":24,"column":50}},"11":{"start":{"line":25,"column":0},"end":{"line":25,"column":81}},"12":{"start":{"line":27,"column":0},"end":{"line":27,"column":25}}},"fnMap":{"0":{"name":"_interopRequireDefault","decl":{"start":{"line":19,"column":9},"end":{"line":19,"column":31}},"loc":{"start":{"line":19,"column":37},"end":{"line":19,"column":95}},"line":19}},"branchMap":{"0":{"loc":{"start":{"line":19,"column":46},"end":{"line":19,"column":92}},"type":"cond-expr","locations":[{"start":{"line":19,"column":70},"end":{"line":19,"column":73}},{"start":{"line":19,"column":76},"end":{"line":19,"column":92}}],"line":19},"1":{"loc":{"start":{"line":19,"column":46},"end":{"line":19,"column":67}},"type":"binary-expr","locations":[{"start":{"line":19,"column":46},"end":{"line":19,"column":49}},{"start":{"line":19,"column":53},"end":{"line":19,"column":67}}],"line":19}},"s":{"0":1,"1":1,"2":1,"3":1,"4":1,"5":1,"6":1,"7":2,"8":1,"9":1,"10":1,"11":1,"12":1},"f":{"0":2},"b":{"0":[1,1],"1":[2,2]},"_coverageSchema":"332fd63041d2c1bcb487cc26dd0d5f7d97098a6c","hash":"75a052b80bf19c99ba5920047ba5c1929766cad0","contentHash":"e2ed5ade2332b86112e2e01fbed420b7_11.3.0"},"/Users/andeladeveloper/Documents/Computing/CycleXXVIII/More-Recipes/server/middlewares/auth.js":{"path":"/Users/andeladeveloper/Documents/Computing/CycleXXVIII/More-Recipes/server/middlewares/auth.js","statementMap":{"0":{"start":{"line":3,"column":0},"end":{"line":5,"column":3}},"1":{"start":{"line":7,"column":20},"end":{"line":7,"column":43}},"2":{"start":{"line":9,"column":21},"end":{"line":9,"column":58}},"3":{"start":{"line":11,"column":14},"end":{"line":11,"column":31}},"4":{"start":{"line":13,"column":15},"end":{"line":13,"column":46}},"5":{"start":{"line":15,"column":23},"end":{"line":15,"column":60}},"6":{"start":{"line":17,"column":39},"end":{"line":17,"column":93}},"7":{"start":{"line":19,"column":0},"end":{"line":19,"column":24}},"8":{"start":{"line":21,"column":13},"end":{"line":21,"column":31}},"9":{"start":{"line":30,"column":11},"end":{"line":49,"column":1}},"10":{"start":{"line":31,"column":14},"end":{"line":31,"column":80}},"11":{"start":{"line":33,"column":2},"end":{"line":48,"column":3}},"12":{"start":{"line":34,"column":4},"end":{"line":45,"column":7}},"13":{"start":{"line":35,"column":6},"end":{"line":42,"column":7}},"14":{"start":{"line":37,"column":8},"end":{"line":39,"column":9}},"15":{"start":{"line":38,"column":10},"end":{"line":38,"column":103}},"16":{"start":{"line":41,"column":8},"end":{"line":41,"column":73}},"17":{"start":{"line":43,"column":6},"end":{"line":43,"column":28}},"18":{"start":{"line":44,"column":6},"end":{"line":44,"column":13}},"19":{"start":{"line":47,"column":4},"end":{"line":47,"column":77}},"20":{"start":{"line":50,"column":0},"end":{"line":50,"column":23}}},"fnMap":{"0":{"name":"_interopRequireDefault","decl":{"start":{"line":17,"column":9},"end":{"line":17,"column":31}},"loc":{"start":{"line":17,"column":37},"end":{"line":17,"column":95}},"line":17},"1":{"name":"auth","decl":{"start":{"line":30,"column":20},"end":{"line":30,"column":24}},"loc":{"start":{"line":30,"column":41},"end":{"line":49,"column":1}},"line":30},"2":{"name":"(anonymous_2)","decl":{"start":{"line":34,"column":49},"end":{"line":34,"column":50}},"loc":{"start":{"line":34,"column":73},"end":{"line":45,"column":5}},"line":34}},"branchMap":{"0":{"loc":{"start":{"line":17,"column":46},"end":{"line":17,"column":92}},"type":"cond-expr","locations":[{"start":{"line":17,"column":70},"end":{"line":17,"column":73}},{"start":{"line":17,"column":76},"end":{"line":17,"column":92}}],"line":17},"1":{"loc":{"start":{"line":17,"column":46},"end":{"line":17,"column":67}},"type":"binary-expr","locations":[{"start":{"line":17,"column":46},"end":{"line":17,"column":49}},{"start":{"line":17,"column":53},"end":{"line":17,"column":67}}],"line":17},"2":{"loc":{"start":{"line":31,"column":14},"end":{"line":31,"column":80}},"type":"binary-expr","locations":[{"start":{"line":31,"column":14},"end":{"line":31,"column":28}},{"start":{"line":31,"column":32},"end":{"line":31,"column":47}},{"start":{"line":31,"column":51},"end":{"line":31,"column":80}}],"line":31},"3":{"loc":{"start":{"line":33,"column":2},"end":{"line":48,"column":3}},"type":"if","locations":[{"start":{"line":33,"column":2},"end":{"line":48,"column":3}},{"start":{"line":33,"column":2},"end":{"line":48,"column":3}}],"line":33},"4":{"loc":{"start":{"line":35,"column":6},"end":{"line":42,"column":7}},"type":"if","locations":[{"start":{"line":35,"column":6},"end":{"line":42,"column":7}},{"start":{"line":35,"column":6},"end":{"line":42,"column":7}}],"line":35},"5":{"loc":{"start":{"line":37,"column":8},"end":{"line":39,"column":9}},"type":"if","locations":[{"start":{"line":37,"column":8},"end":{"line":39,"column":9}},{"start":{"line":37,"column":8},"end":{"line":39,"column":9}}],"line":37}},"s":{"0":1,"1":1,"2":1,"3":1,"4":1,"5":1,"6":2,"7":1,"8":1,"9":1,"10":0,"11":0,"12":0,"13":0,"14":0,"15":0,"16":0,"17":0,"18":0,"19":0,"20":1},"f":{"0":2,"1":0,"2":0},"b":{"0":[0,2],"1":[2,2],"2":[0,0,0],"3":[0,0],"4":[0,0],"5":[0,0]},"_coverageSchema":"332fd63041d2c1bcb487cc26dd0d5f7d97098a6c","hash":"49b0aab87ea5b146428f85de58a1912c5d076299","contentHash":"f11ff65df69080f8e04c786dd862c1f5_11.3.0"},"/Users/andeladeveloper/Documents/Computing/CycleXXVIII/More-Recipes/server/helpers/responseHandler.js":{"path":"/Users/andeladeveloper/Documents/Computing/CycleXXVIII/More-Recipes/server/helpers/responseHandler.js","statementMap":{"0":{"start":{"line":3,"column":0},"end":{"line":5,"column":3}},"1":{"start":{"line":6,"column":19},"end":{"line":44,"column":1}},"2":{"start":{"line":7,"column":2},"end":{"line":43,"column":3}},"3":{"start":{"line":9,"column":6},"end":{"line":12,"column":9}},"4":{"start":{"line":14,"column":6},"end":{"line":17,"column":9}},"5":{"start":{"line":19,"column":6},"end":{"line":22,"column":9}},"6":{"start":{"line":24,"column":6},"end":{"line":27,"column":9}},"7":{"start":{"line":29,"column":6},"end":{"line":32,"column":9}},"8":{"start":{"line":34,"column":6},"end":{"line":37,"column":9}},"9":{"start":{"line":39,"column":6},"end":{"line":42,"column":9}},"10":{"start":{"line":46,"column":20},"end":{"line":75,"column":1}},"11":{"start":{"line":47,"column":2},"end":{"line":74,"column":3}},"12":{"start":{"line":49,"column":6},"end":{"line":60,"column":9}},"13":{"start":{"line":62,"column":6},"end":{"line":73,"column":9}},"14":{"start":{"line":77,"column":0},"end":{"line":77,"column":36}},"15":{"start":{"line":78,"column":0},"end":{"line":78,"column":38}}},"fnMap":{"0":{"name":"errorHandler","decl":{"start":{"line":6,"column":28},"end":{"line":6,"column":40}},"loc":{"start":{"line":6,"column":57},"end":{"line":44,"column":1}},"line":6},"1":{"name":"recipeHandler","decl":{"start":{"line":46,"column":29},"end":{"line":46,"column":42}},"loc":{"start":{"line":46,"column":60},"end":{"line":75,"column":1}},"line":46}},"branchMap":{"0":{"loc":{"start":{"line":7,"column":2},"end":{"line":43,"column":3}},"type":"switch","locations":[{"start":{"line":8,"column":4},"end":{"line":12,"column":9}},{"start":{"line":13,"column":4},"end":{"line":17,"column":9}},{"start":{"line":18,"column":4},"end":{"line":22,"column":9}},{"start":{"line":23,"column":4},"end":{"line":27,"column":9}},{"start":{"line":28,"column":4},"end":{"line":32,"column":9}},{"start":{"line":33,"column":4},"end":{"line":37,"column":9}},{"start":{"line":38,"column":4},"end":{"line":42,"column":9}}],"line":7},"1":{"loc":{"start":{"line":47,"column":2},"end":{"line":74,"column":3}},"type":"switch","locations":[{"start":{"line":48,"column":4},"end":{"line":60,"column":9}},{"start":{"line":61,"column":4},"end":{"line":73,"column":9}}],"line":47}},"s":{"0":1,"1":1,"2":7,"3":0,"4":0,"5":0,"6":0,"7":1,"8":0,"9":6,"10":1,"11":0,"12":0,"13":0,"14":1,"15":1},"f":{"0":7,"1":0},"b":{"0":[0,0,0,0,1,0,6],"1":[0,0]},"_coverageSchema":"332fd63041d2c1bcb487cc26dd0d5f7d97098a6c","hash":"680c1738ec31e2cb5d579d23dfe0f81966293b9d","contentHash":"1171ee7be35173c810b601b5afcf9725_11.3.0"},"/Users/andeladeveloper/Documents/Computing/CycleXXVIII/More-Recipes/server/controllers/user.js":{"path":"/Users/andeladeveloper/Documents/Computing/CycleXXVIII/More-Recipes/server/controllers/user.js","statementMap":{"0":{"start":{"line":3,"column":0},"end":{"line":5,"column":3}},"1":{"start":{"line":6,"column":0},"end":{"line":6,"column":69}},"2":{"start":{"line":8,"column":14},"end":{"line":8,"column":31}},"3":{"start":{"line":10,"column":15},"end":{"line":10,"column":46}},"4":{"start":{"line":12,"column":14},"end":{"line":12,"column":31}},"5":{"start":{"line":14,"column":15},"end":{"line":14,"column":46}},"6":{"start":{"line":16,"column":13},"end":{"line":16,"column":39}},"7":{"start":{"line":18,"column":14},"end":{"line":18,"column":44}},"8":{"start":{"line":20,"column":19},"end":{"line":20,"column":52}},"9":{"start":{"line":22,"column":20},"end":{"line":22,"column":56}},"10":{"start":{"line":24,"column":21},"end":{"line":24,"column":56}},"11":{"start":{"line":26,"column":22},"end":{"line":26,"column":60}},"12":{"start":{"line":28,"column":23},"end":{"line":28,"column":60}},"13":{"start":{"line":30,"column":39},"end":{"line":30,"column":93}},"14":{"start":{"line":32,"column":0},"end":{"line":32,"column":24}},"15":{"start":{"line":33,"column":11},"end":{"line":33,"column":31}},"16":{"start":{"line":42,"column":13},"end":{"line":55,"column":1}},"17":{"start":{"line":43,"column":2},"end":{"line":54,"column":5}},"18":{"start":{"line":44,"column":4},"end":{"line":51,"column":5}},"19":{"start":{"line":45,"column":18},"end":{"line":45,"column":52}},"20":{"start":{"line":46,"column":6},"end":{"line":50,"column":9}},"21":{"start":{"line":53,"column":4},"end":{"line":53,"column":47}},"22":{"start":{"line":63,"column":21},"end":{"line":93,"column":1}},"23":{"start":{"line":64,"column":2},"end":{"line":92,"column":5}},"24":{"start":{"line":65,"column":4},"end":{"line":68,"column":5}},"25":{"start":{"line":67,"column":6},"end":{"line":67,"column":81}},"26":{"start":{"line":70,"column":4},"end":{"line":84,"column":5}},"27":{"start":{"line":72,"column":6},"end":{"line":83,"column":7}},"28":{"start":{"line":73,"column":8},"end":{"line":82,"column":11}},"29":{"start":{"line":78,"column":10},"end":{"line":81,"column":13}},"30":{"start":{"line":86,"column":4},"end":{"line":89,"column":7}},"31":{"start":{"line":91,"column":4},"end":{"line":91,"column":39}},"32":{"start":{"line":101,"column":13},"end":{"line":131,"column":1}},"33":{"start":{"line":102,"column":2},"end":{"line":130,"column":5}},"34":{"start":{"line":105,"column":4},"end":{"line":112,"column":5}},"35":{"start":{"line":107,"column":6},"end":{"line":110,"column":9}},"36":{"start":{"line":113,"column":4},"end":{"line":127,"column":5}},"37":{"start":{"line":114,"column":18},"end":{"line":114,"column":52}},"38":{"start":{"line":115,"column":6},"end":{"line":119,"column":9}},"39":{"start":{"line":123,"column":6},"end":{"line":126,"column":9}},"40":{"start":{"line":129,"column":4},"end":{"line":129,"column":39}},"41":{"start":{"line":133,"column":0},"end":{"line":133,"column":24}},"42":{"start":{"line":134,"column":0},"end":{"line":134,"column":40}},"43":{"start":{"line":135,"column":0},"end":{"line":135,"column":24}}},"fnMap":{"0":{"name":"_interopRequireDefault","decl":{"start":{"line":30,"column":9},"end":{"line":30,"column":31}},"loc":{"start":{"line":30,"column":37},"end":{"line":30,"column":95}},"line":30},"1":{"name":"signup","decl":{"start":{"line":42,"column":22},"end":{"line":42,"column":28}},"loc":{"start":{"line":42,"column":39},"end":{"line":55,"column":1}},"line":42},"2":{"name":"(anonymous_2)","decl":{"start":{"line":43,"column":64},"end":{"line":43,"column":65}},"loc":{"start":{"line":43,"column":80},"end":{"line":52,"column":3}},"line":43},"3":{"name":"(anonymous_3)","decl":{"start":{"line":52,"column":11},"end":{"line":52,"column":12}},"loc":{"start":{"line":52,"column":28},"end":{"line":54,"column":3}},"line":52},"4":{"name":"changePassword","decl":{"start":{"line":63,"column":30},"end":{"line":63,"column":44}},"loc":{"start":{"line":63,"column":55},"end":{"line":93,"column":1}},"line":63},"5":{"name":"(anonymous_5)","decl":{"start":{"line":64,"column":49},"end":{"line":64,"column":50}},"loc":{"start":{"line":64,"column":65},"end":{"line":90,"column":3}},"line":64},"6":{"name":"(anonymous_6)","decl":{"start":{"line":77,"column":16},"end":{"line":77,"column":17}},"loc":{"start":{"line":77,"column":28},"end":{"line":82,"column":9}},"line":77},"7":{"name":"(anonymous_7)","decl":{"start":{"line":90,"column":11},"end":{"line":90,"column":12}},"loc":{"start":{"line":90,"column":28},"end":{"line":92,"column":3}},"line":90},"8":{"name":"signin","decl":{"start":{"line":101,"column":22},"end":{"line":101,"column":28}},"loc":{"start":{"line":101,"column":39},"end":{"line":131,"column":1}},"line":101},"9":{"name":"(anonymous_9)","decl":{"start":{"line":104,"column":60},"end":{"line":104,"column":61}},"loc":{"start":{"line":104,"column":76},"end":{"line":128,"column":3}},"line":104},"10":{"name":"(anonymous_10)","decl":{"start":{"line":128,"column":11},"end":{"line":128,"column":12}},"loc":{"start":{"line":128,"column":28},"end":{"line":130,"column":3}},"line":128}},"branchMap":{"0":{"loc":{"start":{"line":30,"column":46},"end":{"line":30,"column":92}},"type":"cond-expr","locations":[{"start":{"line":30,"column":70},"end":{"line":30,"column":73}},{"start":{"line":30,"column":76},"end":{"line":30,"column":92}}],"line":30},"1":{"loc":{"start":{"line":30,"column":46},"end":{"line":30,"column":67}},"type":"binary-expr","locations":[{"start":{"line":30,"column":46},"end":{"line":30,"column":49}},{"start":{"line":30,"column":53},"end":{"line":30,"column":67}}],"line":30},"2":{"loc":{"start":{"line":44,"column":4},"end":{"line":51,"column":5}},"type":"if","locations":[{"start":{"line":44,"column":4},"end":{"line":51,"column":5}},{"start":{"line":44,"column":4},"end":{"line":51,"column":5}}],"line":44},"3":{"loc":{"start":{"line":65,"column":4},"end":{"line":68,"column":5}},"type":"if","locations":[{"start":{"line":65,"column":4},"end":{"line":68,"column":5}},{"start":{"line":65,"column":4},"end":{"line":68,"column":5}}],"line":65},"4":{"loc":{"start":{"line":70,"column":4},"end":{"line":84,"column":5}},"type":"if","locations":[{"start":{"line":70,"column":4},"end":{"line":84,"column":5}},{"start":{"line":70,"column":4},"end":{"line":84,"column":5}}],"line":70},"5":{"loc":{"start":{"line":70,"column":8},"end":{"line":70,"column":68}},"type":"binary-expr","locations":[{"start":{"line":70,"column":8},"end":{"line":70,"column":12}},{"start":{"line":70,"column":16},"end":{"line":70,"column":33}},{"start":{"line":70,"column":37},"end":{"line":70,"column":68}}],"line":70},"6":{"loc":{"start":{"line":72,"column":6},"end":{"line":83,"column":7}},"type":"if","locations":[{"start":{"line":72,"column":6},"end":{"line":83,"column":7}},{"start":{"line":72,"column":6},"end":{"line":83,"column":7}}],"line":72},"7":{"loc":{"start":{"line":105,"column":4},"end":{"line":112,"column":5}},"type":"if","locations":[{"start":{"line":105,"column":4},"end":{"line":112,"column":5}},{"start":{"line":105,"column":4},"end":{"line":112,"column":5}}],"line":105},"8":{"loc":{"start":{"line":113,"column":4},"end":{"line":127,"column":5}},"type":"if","locations":[{"start":{"line":113,"column":4},"end":{"line":127,"column":5}},{"start":{"line":113,"column":4},"end":{"line":127,"column":5}}],"line":113}},"s":{"0":1,"1":1,"2":1,"3":1,"4":1,"5":1,"6":1,"7":1,"8":1,"9":1,"10":1,"11":1,"12":1,"13":5,"14":1,"15":1,"16":1,"17":0,"18":0,"19":0,"20":0,"21":0,"22":1,"23":0,"24":0,"25":0,"26":0,"27":0,"28":0,"29":0,"30":0,"31":0,"32":1,"33":4,"34":4,"35":4,"36":0,"37":0,"38":0,"39":0,"40":0,"41":1,"42":1,"43":1},"f":{"0":5,"1":0,"2":0,"3":0,"4":0,"5":0,"6":0,"7":0,"8":4,"9":4,"10":0},"b":{"0":[3,2],"1":[5,5],"2":[0,0],"3":[0,0],"4":[0,0],"5":[0,0,0],"6":[0,0],"7":[4,0],"8":[0,0]},"_coverageSchema":"332fd63041d2c1bcb487cc26dd0d5f7d97098a6c","hash":"100000035df7e8329aecd2d933e14634b4ca1aff","contentHash":"2033b5ee89e3f27821c184f47de8373f_11.3.0"},"/Users/andeladeveloper/Documents/Computing/CycleXXVIII/More-Recipes/server/models/index.js":{"path":"/Users/andeladeveloper/Documents/Computing/CycleXXVIII/More-Recipes/server/models/index.js","statementMap":{"0":{"start":{"line":3,"column":0},"end":{"line":5,"column":3}},"1":{"start":{"line":7,"column":10},"end":{"line":7,"column":23}},"2":{"start":{"line":9,"column":11},"end":{"line":9,"column":38}},"3":{"start":{"line":11,"column":12},"end":{"line":11,"column":27}},"4":{"start":{"line":13,"column":13},"end":{"line":13,"column":42}},"5":{"start":{"line":15,"column":14},"end":{"line":15,"column":31}},"6":{"start":{"line":17,"column":15},"end":{"line":17,"column":46}},"7":{"start":{"line":19,"column":17},"end":{"line":19,"column":37}},"8":{"start":{"line":21,"column":18},"end":{"line":21,"column":52}},"9":{"start":{"line":23,"column":14},"end":{"line":23,"column":46}},"10":{"start":{"line":25,"column":15},"end":{"line":25,"column":46}},"11":{"start":{"line":27,"column":39},"end":{"line":27,"column":93}},"12":{"start":{"line":29,"column":0},"end":{"line":29,"column":26}},"13":{"start":{"line":30,"column":15},"end":{"line":30,"column":55}},"14":{"start":{"line":31,"column":10},"end":{"line":31,"column":47}},"15":{"start":{"line":32,"column":13},"end":{"line":32,"column":34}},"16":{"start":{"line":33,"column":9},"end":{"line":33,"column":11}},"17":{"start":{"line":35,"column":16},"end":{"line":35,"column":22}},"18":{"start":{"line":36,"column":0},"end":{"line":40,"column":1}},"19":{"start":{"line":37,"column":2},"end":{"line":37,"column":76}},"20":{"start":{"line":39,"column":2},"end":{"line":39,"column":97}},"21":{"start":{"line":42,"column":0},"end":{"line":47,"column":3}},"22":{"start":{"line":43,"column":2},"end":{"line":43,"column":82}},"23":{"start":{"line":45,"column":14},"end":{"line":45,"column":68}},"24":{"start":{"line":46,"column":2},"end":{"line":46,"column":25}},"25":{"start":{"line":49,"column":0},"end":{"line":53,"column":3}},"26":{"start":{"line":50,"column":2},"end":{"line":52,"column":3}},"27":{"start":{"line":51,"column":4},"end":{"line":51,"column":32}},"28":{"start":{"line":55,"column":0},"end":{"line":55,"column":25}},"29":{"start":{"line":56,"column":0},"end":{"line":56,"column":35}},"30":{"start":{"line":58,"column":0},"end":{"line":58,"column":21}}},"fnMap":{"0":{"name":"_interopRequireDefault","decl":{"start":{"line":27,"column":9},"end":{"line":27,"column":31}},"loc":{"start":{"line":27,"column":37},"end":{"line":27,"column":95}},"line":27},"1":{"name":"(anonymous_1)","decl":{"start":{"line":42,"column":43},"end":{"line":42,"column":44}},"loc":{"start":{"line":42,"column":59},"end":{"line":44,"column":1}},"line":42},"2":{"name":"(anonymous_2)","decl":{"start":{"line":44,"column":11},"end":{"line":44,"column":12}},"loc":{"start":{"line":44,"column":27},"end":{"line":47,"column":1}},"line":44},"3":{"name":"(anonymous_3)","decl":{"start":{"line":49,"column":24},"end":{"line":49,"column":25}},"loc":{"start":{"line":49,"column":45},"end":{"line":53,"column":1}},"line":49}},"branchMap":{"0":{"loc":{"start":{"line":27,"column":46},"end":{"line":27,"column":92}},"type":"cond-expr","locations":[{"start":{"line":27,"column":70},"end":{"line":27,"column":73}},{"start":{"line":27,"column":76},"end":{"line":27,"column":92}}],"line":27},"1":{"loc":{"start":{"line":27,"column":46},"end":{"line":27,"column":67}},"type":"binary-expr","locations":[{"start":{"line":27,"column":46},"end":{"line":27,"column":49}},{"start":{"line":27,"column":53},"end":{"line":27,"column":67}}],"line":27},"2":{"loc":{"start":{"line":31,"column":10},"end":{"line":31,"column":47}},"type":"binary-expr","locations":[{"start":{"line":31,"column":10},"end":{"line":31,"column":30}},{"start":{"line":31,"column":34},"end":{"line":31,"column":47}}],"line":31},"3":{"loc":{"start":{"line":36,"column":0},"end":{"line":40,"column":1}},"type":"if","locations":[{"start":{"line":36,"column":0},"end":{"line":40,"column":1}},{"start":{"line":36,"column":0},"end":{"line":40,"column":1}}],"line":36},"4":{"loc":{"start":{"line":43,"column":9},"end":{"line":43,"column":81}},"type":"binary-expr","locations":[{"start":{"line":43,"column":9},"end":{"line":43,"column":32}},{"start":{"line":43,"column":36},"end":{"line":43,"column":53}},{"start":{"line":43,"column":57},"end":{"line":43,"column":81}}],"line":43},"5":{"loc":{"start":{"line":50,"column":2},"end":{"line":52,"column":3}},"type":"if","locations":[{"start":{"line":50,"column":2},"end":{"line":52,"column":3}},{"start":{"line":50,"column":2},"end":{"line":52,"column":3}}],"line":50}},"s":{"0":1,"1":1,"2":1,"3":1,"4":1,"5":1,"6":1,"7":1,"8":1,"9":1,"10":1,"11":5,"12":1,"13":1,"14":1,"15":1,"16":1,"17":1,"18":1,"19":0,"20":1,"21":1,"22":6,"23":5,"24":5,"25":1,"26":5,"27":5,"28":1,"29":1,"30":1},"f":{"0":5,"1":6,"2":5,"3":5},"b":{"0":[0,5],"1":[5,5],"2":[1,0],"3":[0,1],"4":[6,6,5],"5":[5,0]},"_coverageSchema":"332fd63041d2c1bcb487cc26dd0d5f7d97098a6c","hash":"aa739e540a0ce44ccb0f0f4213732600a2306e5a","contentHash":"14e0d026527a7bdaa9f60b1bd380ba85_11.3.0"},"/Users/andeladeveloper/Documents/Computing/CycleXXVIII/More-Recipes/server/models/favorite.js":{"path":"/Users/andeladeveloper/Documents/Computing/CycleXXVIII/More-Recipes/server/models/favorite.js","statementMap":{"0":{"start":{"line":3,"column":0},"end":{"line":5,"column":3}},"1":{"start":{"line":6,"column":15},"end":{"line":27,"column":1}},"2":{"start":{"line":7,"column":17},"end":{"line":13,"column":4}},"3":{"start":{"line":15,"column":2},"end":{"line":24,"column":4}},"4":{"start":{"line":16,"column":4},"end":{"line":19,"column":7}},"5":{"start":{"line":20,"column":4},"end":{"line":23,"column":7}},"6":{"start":{"line":26,"column":2},"end":{"line":26,"column":18}},"7":{"start":{"line":29,"column":0},"end":{"line":29,"column":27}}},"fnMap":{"0":{"name":"favorite","decl":{"start":{"line":6,"column":24},"end":{"line":6,"column":32}},"loc":{"start":{"line":6,"column":55},"end":{"line":27,"column":1}},"line":6},"1":{"name":"(anonymous_1)","decl":{"start":{"line":15,"column":23},"end":{"line":15,"column":24}},"loc":{"start":{"line":15,"column":41},"end":{"line":24,"column":3}},"line":15}},"branchMap":{},"s":{"0":1,"1":1,"2":1,"3":1,"4":1,"5":1,"6":1,"7":1},"f":{"0":1,"1":1},"b":{},"_coverageSchema":"332fd63041d2c1bcb487cc26dd0d5f7d97098a6c","hash":"d89e947c495a42c2a2e396f90061dc137264add4","contentHash":"c85ee756ef52473e05c64be61ae17243_11.3.0"},"/Users/andeladeveloper/Documents/Computing/CycleXXVIII/More-Recipes/server/models/recipe.js":{"path":"/Users/andeladeveloper/Documents/Computing/CycleXXVIII/More-Recipes/server/models/recipe.js","statementMap":{"0":{"start":{"line":3,"column":0},"end":{"line":5,"column":3}},"1":{"start":{"line":6,"column":13},"end":{"line":65,"column":1}},"2":{"start":{"line":7,"column":15},"end":{"line":46,"column":4}},"3":{"start":{"line":49,"column":2},"end":{"line":62,"column":4}},"4":{"start":{"line":50,"column":4},"end":{"line":53,"column":7}},"5":{"start":{"line":54,"column":4},"end":{"line":57,"column":7}},"6":{"start":{"line":58,"column":4},"end":{"line":61,"column":7}},"7":{"start":{"line":64,"column":2},"end":{"line":64,"column":16}},"8":{"start":{"line":67,"column":0},"end":{"line":67,"column":25}}},"fnMap":{"0":{"name":"recipe","decl":{"start":{"line":6,"column":22},"end":{"line":6,"column":28}},"loc":{"start":{"line":6,"column":51},"end":{"line":65,"column":1}},"line":6},"1":{"name":"(anonymous_1)","decl":{"start":{"line":49,"column":21},"end":{"line":49,"column":22}},"loc":{"start":{"line":49,"column":39},"end":{"line":62,"column":3}},"line":49}},"branchMap":{},"s":{"0":1,"1":1,"2":1,"3":1,"4":1,"5":1,"6":1,"7":1,"8":1},"f":{"0":1,"1":1},"b":{},"_coverageSchema":"332fd63041d2c1bcb487cc26dd0d5f7d97098a6c","hash":"2cbc91725ce0069e2ad5766fcae5ddfdc7bde099","contentHash":"57111f4e506c5d1ae5184ba26d01fa2d_11.3.0"},"/Users/andeladeveloper/Documents/Computing/CycleXXVIII/More-Recipes/server/models/review.js":{"path":"/Users/andeladeveloper/Documents/Computing/CycleXXVIII/More-Recipes/server/models/review.js","statementMap":{"0":{"start":{"line":3,"column":0},"end":{"line":5,"column":3}},"1":{"start":{"line":6,"column":13},"end":{"line":26,"column":1}},"2":{"start":{"line":7,"column":15},"end":{"line":12,"column":4}},"3":{"start":{"line":14,"column":2},"end":{"line":23,"column":4}},"4":{"start":{"line":15,"column":4},"end":{"line":18,"column":7}},"5":{"start":{"line":19,"column":4},"end":{"line":22,"column":7}},"6":{"start":{"line":25,"column":2},"end":{"line":25,"column":16}},"7":{"start":{"line":28,"column":0},"end":{"line":28,"column":25}}},"fnMap":{"0":{"name":"review","decl":{"start":{"line":6,"column":22},"end":{"line":6,"column":28}},"loc":{"start":{"line":6,"column":51},"end":{"line":26,"column":1}},"line":6},"1":{"name":"(anonymous_1)","decl":{"start":{"line":14,"column":21},"end":{"line":14,"column":22}},"loc":{"start":{"line":14,"column":39},"end":{"line":23,"column":3}},"line":14}},"branchMap":{},"s":{"0":1,"1":1,"2":1,"3":1,"4":1,"5":1,"6":1,"7":1},"f":{"0":1,"1":1},"b":{},"_coverageSchema":"332fd63041d2c1bcb487cc26dd0d5f7d97098a6c","hash":"0a34a3acc12e2d2fa35863e6b349468b444289e0","contentHash":"f1208f28a89623069bef20b45de3da12_11.3.0"},"/Users/andeladeveloper/Documents/Computing/CycleXXVIII/More-Recipes/server/models/user.js":{"path":"/Users/andeladeveloper/Documents/Computing/CycleXXVIII/More-Recipes/server/models/user.js","statementMap":{"0":{"start":{"line":3,"column":0},"end":{"line":5,"column":3}},"1":{"start":{"line":7,"column":14},"end":{"line":7,"column":31}},"2":{"start":{"line":9,"column":15},"end":{"line":9,"column":46}},"3":{"start":{"line":11,"column":39},"end":{"line":11,"column":93}},"4":{"start":{"line":15,"column":11},"end":{"line":112,"column":1}},"5":{"start":{"line":16,"column":13},"end":{"line":94,"column":4}},"6":{"start":{"line":81,"column":25},"end":{"line":81,"column":26}},"7":{"start":{"line":82,"column":19},"end":{"line":82,"column":59}},"8":{"start":{"line":83,"column":19},"end":{"line":83,"column":65}},"9":{"start":{"line":84,"column":8},"end":{"line":84,"column":29}},"10":{"start":{"line":87,"column":25},"end":{"line":87,"column":26}},"11":{"start":{"line":88,"column":19},"end":{"line":88,"column":59}},"12":{"start":{"line":89,"column":19},"end":{"line":89,"column":65}},"13":{"start":{"line":90,"column":8},"end":{"line":90,"column":29}},"14":{"start":{"line":96,"column":2},"end":{"line":109,"column":4}},"15":{"start":{"line":97,"column":4},"end":{"line":100,"column":7}},"16":{"start":{"line":101,"column":4},"end":{"line":104,"column":7}},"17":{"start":{"line":105,"column":4},"end":{"line":108,"column":7}},"18":{"start":{"line":111,"column":2},"end":{"line":111,"column":14}},"19":{"start":{"line":114,"column":0},"end":{"line":114,"column":23}}},"fnMap":{"0":{"name":"_interopRequireDefault","decl":{"start":{"line":11,"column":9},"end":{"line":11,"column":31}},"loc":{"start":{"line":11,"column":37},"end":{"line":11,"column":95}},"line":11},"1":{"name":"user","decl":{"start":{"line":15,"column":20},"end":{"line":15,"column":24}},"loc":{"start":{"line":15,"column":47},"end":{"line":112,"column":1}},"line":15},"2":{"name":"beforeCreate","decl":{"start":{"line":80,"column":29},"end":{"line":80,"column":41}},"loc":{"start":{"line":80,"column":48},"end":{"line":85,"column":7}},"line":80},"3":{"name":"beforeUpdate","decl":{"start":{"line":86,"column":29},"end":{"line":86,"column":41}},"loc":{"start":{"line":86,"column":48},"end":{"line":91,"column":7}},"line":86},"4":{"name":"(anonymous_4)","decl":{"start":{"line":96,"column":19},"end":{"line":96,"column":20}},"loc":{"start":{"line":96,"column":37},"end":{"line":109,"column":3}},"line":96}},"branchMap":{"0":{"loc":{"start":{"line":11,"column":46},"end":{"line":11,"column":92}},"type":"cond-expr","locations":[{"start":{"line":11,"column":70},"end":{"line":11,"column":73}},{"start":{"line":11,"column":76},"end":{"line":11,"column":92}}],"line":11},"1":{"loc":{"start":{"line":11,"column":46},"end":{"line":11,"column":67}},"type":"binary-expr","locations":[{"start":{"line":11,"column":46},"end":{"line":11,"column":49}},{"start":{"line":11,"column":53},"end":{"line":11,"column":67}}],"line":11}},"s":{"0":1,"1":1,"2":1,"3":1,"4":1,"5":1,"6":0,"7":0,"8":0,"9":0,"10":0,"11":0,"12":0,"13":0,"14":1,"15":1,"16":1,"17":1,"18":1,"19":1},"f":{"0":1,"1":1,"2":0,"3":0,"4":1},"b":{"0":[0,1],"1":[1,1]},"_coverageSchema":"332fd63041d2c1bcb487cc26dd0d5f7d97098a6c","hash":"181bfed04ca594cdee2fa4bb1decc2b51ac94a7d","contentHash":"9df27d325d885dfa7d192fa95a8f6288_11.3.0"},"/Users/andeladeveloper/Documents/Computing/CycleXXVIII/More-Recipes/server/models/vote.js":{"path":"/Users/andeladeveloper/Documents/Computing/CycleXXVIII/More-Recipes/server/models/vote.js","statementMap":{"0":{"start":{"line":3,"column":0},"end":{"line":5,"column":3}},"1":{"start":{"line":6,"column":11},"end":{"line":27,"column":1}},"2":{"start":{"line":7,"column":13},"end":{"line":13,"column":4}},"3":{"start":{"line":15,"column":2},"end":{"line":24,"column":4}},"4":{"start":{"line":16,"column":4},"end":{"line":19,"column":7}},"5":{"start":{"line":20,"column":4},"end":{"line":23,"column":7}},"6":{"start":{"line":26,"column":2},"end":{"line":26,"column":14}},"7":{"start":{"line":29,"column":0},"end":{"line":29,"column":23}}},"fnMap":{"0":{"name":"vote","decl":{"start":{"line":6,"column":20},"end":{"line":6,"column":24}},"loc":{"start":{"line":6,"column":47},"end":{"line":27,"column":1}},"line":6},"1":{"name":"(anonymous_1)","decl":{"start":{"line":15,"column":19},"end":{"line":15,"column":20}},"loc":{"start":{"line":15,"column":37},"end":{"line":24,"column":3}},"line":15}},"branchMap":{},"s":{"0":1,"1":1,"2":1,"3":1,"4":1,"5":1,"6":1,"7":1},"f":{"0":1,"1":1},"b":{},"_coverageSchema":"332fd63041d2c1bcb487cc26dd0d5f7d97098a6c","hash":"400b5628b98a3ec4dbb3aaa9d5f9f173f0fe5068","contentHash":"47a8d195b08580cea006b4f996a642c1_11.3.0"},"/Users/andeladeveloper/Documents/Computing/CycleXXVIII/More-Recipes/server/helpers/generateToken.js":{"path":"/Users/andeladeveloper/Documents/Computing/CycleXXVIII/More-Recipes/server/helpers/generateToken.js","statementMap":{"0":{"start":{"line":3,"column":0},"end":{"line":5,"column":3}},"1":{"start":{"line":7,"column":14},"end":{"line":7,"column":31}},"2":{"start":{"line":9,"column":15},"end":{"line":9,"column":46}},"3":{"start":{"line":11,"column":20},"end":{"line":11,"column":43}},"4":{"start":{"line":13,"column":21},"end":{"line":13,"column":58}},"5":{"start":{"line":15,"column":39},"end":{"line":15,"column":93}},"6":{"start":{"line":17,"column":0},"end":{"line":17,"column":24}},"7":{"start":{"line":18,"column":13},"end":{"line":18,"column":31}},"8":{"start":{"line":23,"column":20},"end":{"line":29,"column":1}},"9":{"start":{"line":24,"column":16},"end":{"line":26,"column":3}},"10":{"start":{"line":27,"column":14},"end":{"line":27,"column":80}},"11":{"start":{"line":28,"column":2},"end":{"line":28,"column":15}},"12":{"start":{"line":31,"column":0},"end":{"line":31,"column":32}}},"fnMap":{"0":{"name":"_interopRequireDefault","decl":{"start":{"line":15,"column":9},"end":{"line":15,"column":31}},"loc":{"start":{"line":15,"column":37},"end":{"line":15,"column":95}},"line":15},"1":{"name":"generateToken","decl":{"start":{"line":23,"column":29},"end":{"line":23,"column":42}},"loc":{"start":{"line":23,"column":49},"end":{"line":29,"column":1}},"line":23}},"branchMap":{"0":{"loc":{"start":{"line":15,"column":46},"end":{"line":15,"column":92}},"type":"cond-expr","locations":[{"start":{"line":15,"column":70},"end":{"line":15,"column":73}},{"start":{"line":15,"column":76},"end":{"line":15,"column":92}}],"line":15},"1":{"loc":{"start":{"line":15,"column":46},"end":{"line":15,"column":67}},"type":"binary-expr","locations":[{"start":{"line":15,"column":46},"end":{"line":15,"column":49}},{"start":{"line":15,"column":53},"end":{"line":15,"column":67}}],"line":15}},"s":{"0":1,"1":1,"2":1,"3":1,"4":1,"5":2,"6":1,"7":1,"8":1,"9":0,"10":0,"11":0,"12":1},"f":{"0":2,"1":0},"b":{"0":[0,2],"1":[2,2]},"_coverageSchema":"332fd63041d2c1bcb487cc26dd0d5f7d97098a6c","hash":"bee56d485357b0c23b2d90da78f5fa639e3806ca","contentHash":"16eb2d72a3fef13eefa9ea0b4c9f967e_11.3.0"},"/Users/andeladeveloper/Documents/Computing/CycleXXVIII/More-Recipes/server/middlewares/userValidation.js":{"path":"/Users/andeladeveloper/Documents/Computing/CycleXXVIII/More-Recipes/server/middlewares/userValidation.js","statementMap":{"0":{"start":{"line":3,"column":0},"end":{"line":5,"column":3}},"1":{"start":{"line":6,"column":0},"end":{"line":6,"column":136}},"2":{"start":{"line":8,"column":18},"end":{"line":8,"column":50}},"3":{"start":{"line":10,"column":19},"end":{"line":10,"column":54}},"4":{"start":{"line":12,"column":19},"end":{"line":12,"column":52}},"5":{"start":{"line":14,"column":20},"end":{"line":14,"column":56}},"6":{"start":{"line":16,"column":23},"end":{"line":16,"column":60}},"7":{"start":{"line":18,"column":13},"end":{"line":18,"column":39}},"8":{"start":{"line":20,"column":14},"end":{"line":20,"column":44}},"9":{"start":{"line":22,"column":39},"end":{"line":22,"column":93}},"10":{"start":{"line":24,"column":11},"end":{"line":24,"column":31}},"11":{"start":{"line":29,"column":22},"end":{"line":60,"column":1}},"12":{"start":{"li
[...]
":60}},"loc":{"start":{"line":46,"column":77},"end":{"line":54,"column":3}},"line":46},"4":{"name":"(anonymous_4)","decl":{"start":{"line":54,"column":11},"end":{"line":54,"column":12}},"loc":{"start":{"line":54,"column":28},"end":{"line":56,"column":3}},"line":54},"5":{"name":"confirmReviewOwner","decl":{"start":{"line":59,"column":34},"end":{"line":59,"column":52}},"loc":{"start":{"line":59,"column":69},"end":{"line":74,"column":1}},"line":59},"6":{"name":"(anonymous_6)","decl":{"start":{"line":64,"column":10},"end":{"line":64,"column":11}},"loc":{"start":{"line":64,"column":28},"end":{"line":73,"column":3}},"line":64}},"branchMap":{"0":{"loc":{"start":{"line":16,"column":46},"end":{"line":16,"column":92}},"type":"cond-expr","locations":[{"start":{"line":16,"column":70},"end":{"line":16,"column":73}},{"start":{"line":16,"column":76},"end":{"line":16,"column":92}}],"line":16},"1":{"loc":{"start":{"line":16,"column":46},"end":{"line":16,"column":67}},"type":"binary-expr","locations":[{"start":{"line":16,"column":46},"end":{"line":16,"column":49}},{"start":{"line":16,"column":53},"end":{"line":16,"column":67}}],"line":16},"2":{"loc":{"start":{"line":29,"column":2},"end":{"line":34,"column":3}},"type":"if","locations":[{"start":{"line":29,"column":2},"end":{"line":34,"column":3}},{"start":{"line":29,"column":2},"end":{"line":34,"column":3}}],"line":29},"3":{"loc":{"start":{"line":29,"column":6},"end":{"line":29,"column":67}},"type":"binary-expr","locations":[{"start":{"line":29,"column":6},"end":{"line":29,"column":23}},{"start":{"line":29,"column":27},"end":{"line":29,"column":67}}],"line":29},"4":{"loc":{"start":{"line":47,"column":4},"end":{"line":52,"column":5}},"type":"if","locations":[{"start":{"line":47,"column":4},"end":{"line":52,"column":5}},{"start":{"line":47,"column":4},"end":{"line":52,"column":5}}],"line":47},"5":{"loc":{"start":{"line":66,"column":4},"end":{"line":71,"column":5}},"type":"if","locations":[{"start":{"line":66,"column":4},"end":{"line":71,"column":5}},{"start":{"line":66,"column":4},"end":{"line":71,"column":5}}],"line":66}},"s":{"0":1,"1":1,"2":1,"3":1,"4":1,"5":1,"6":2,"7":1,"8":1,"9":0,"10":0,"11":0,"12":1,"13":0,"14":0,"15":0,"16":0,"17":0,"18":1,"19":0,"20":0,"21":0,"22":0,"23":1,"24":1,"25":1},"f":{"0":2,"1":0,"2":0,"3":0,"4":0,"5":0,"6":0},"b":{"0":[2,0],"1":[2,2],"2":[0,0],"3":[0,0],"4":[0,0],"5":[0,0]},"_coverageSchema":"332fd63041d2c1bcb487cc26dd0d5f7d97098a6c","hash":"af90bfd7fb30381ac77de73f50b89d7ab9ec535f","contentHash":"bf103ca9ada4ace4563a1f4cae481341_11.3.0"},"/Users/andeladeveloper/Documents/Computing/CycleXXVIII/More-Recipes/server/routes/favorite.js":{"path":"/Users/andeladeveloper/Documents/Computing/CycleXXVIII/More-Recipes/server/routes/favorite.js","statementMap":{"0":{"start":{"line":3,"column":0},"end":{"line":5,"column":3}},"1":{"start":{"line":7,"column":15},"end":{"line":7,"column":33}},"2":{"start":{"line":9,"column":16},"end":{"line":9,"column":48}},"3":{"start":{"line":11,"column":12},"end":{"line":11,"column":42}},"4":{"start":{"line":13,"column":13},"end":{"line":13,"column":42}},"5":{"start":{"line":15,"column":26},"end":{"line":15,"column":70}},"6":{"start":{"line":17,"column":16},"end":{"line":17,"column":50}},"7":{"start":{"line":19,"column":27},"end":{"line":19,"column":72}},"8":{"start":{"line":21,"column":28},"end":{"line":21,"column":72}},"9":{"start":{"line":23,"column":39},"end":{"line":23,"column":93}},"10":{"start":{"line":25,"column":13},"end":{"line":25,"column":39}},"11":{"start":{"line":27,"column":0},"end":{"line":27,"column":185}},"12":{"start":{"line":28,"column":0},"end":{"line":28,"column":130}},"13":{"start":{"line":29,"column":0},"end":{"line":29,"column":90}},"14":{"start":{"line":31,"column":0},"end":{"line":31,"column":25}}},"fnMap":{"0":{"name":"_interopRequireDefault","decl":{"start":{"line":23,"column":9},"end":{"line":23,"column":31}},"loc":{"start":{"line":23,"column":37},"end":{"line":23,"column":95}},"line":23}},"branchMap":{"0":{"loc":{"start":{"line":23,"column":46},"end":{"line":23,"column":92}},"type":"cond-expr","locations":[{"start":{"line":23,"column":70},"end":{"line":23,"column":73}},{"start":{"line":23,"column":76},"end":{"line":23,"column":92}}],"line":23},"1":{"loc":{"start":{"line":23,"column":46},"end":{"line":23,"column":67}},"type":"binary-expr","locations":[{"start":{"line":23,"column":46},"end":{"line":23,"column":49}},{"start":{"line":23,"column":53},"end":{"line":23,"column":67}}],"line":23}},"s":{"0":1,"1":1,"2":1,"3":1,"4":1,"5":1,"6":1,"7":1,"8":1,"9":3,"10":1,"11":1,"12":1,"13":1,"14":1},"f":{"0":3},"b":{"0":[2,1],"1":[3,3]},"_coverageSchema":"332fd63041d2c1bcb487cc26dd0d5f7d97098a6c","hash":"62f84ab70941f37acaf2689cefbfd8abdaead53f","contentHash":"64e9400dc9b61e766f3b7e68fe14a1d3_11.3.0"},"/Users/andeladeveloper/Documents/Computing/CycleXXVIII/More-Recipes/server/middlewares/favoriteValidation.js":{"path":"/Users/andeladeveloper/Documents/Computing/CycleXXVIII/More-Recipes/server/middlewares/favoriteValidation.js","statementMap":{"0":{"start":{"line":3,"column":0},"end":{"line":5,"column":3}},"1":{"start":{"line":6,"column":0},"end":{"line":6,"column":80}},"2":{"start":{"line":8,"column":13},"end":{"line":8,"column":39}},"3":{"start":{"line":10,"column":14},"end":{"line":10,"column":44}},"4":{"start":{"line":12,"column":23},"end":{"line":12,"column":60}},"5":{"start":{"line":14,"column":39},"end":{"line":14,"column":93}},"6":{"start":{"line":17,"column":15},"end":{"line":17,"column":39}},"7":{"start":{"line":18,"column":13},"end":{"line":18,"column":35}},"8":{"start":{"line":27,"column":18},"end":{"line":34,"column":1}},"9":{"start":{"line":28,"column":2},"end":{"line":33,"column":5}},"10":{"start":{"line":29,"column":4},"end":{"line":29,"column":30}},"11":{"start":{"line":29,"column":16},"end":{"line":29,"column":30}},"12":{"start":{"line":30,"column":4},"end":{"line":30,"column":76}},"13":{"start":{"line":32,"column":4},"end":{"line":32,"column":39}},"14":{"start":{"line":43,"column":18},"end":{"line":60,"column":1}},"15":{"start":{"line":44,"column":2},"end":{"line":59,"column":5}},"16":{"start":{"line":50,"column":4},"end":{"line":56,"column":5}},"17":{"start":{"line":51,"column":6},"end":{"line":51,"column":13}},"18":{"start":{"line":53,"column":6},"end":{"line":55,"column":9}},"19":{"start":{"line":54,"column":8},"end":{"line":54,"column":97}},"20":{"start":{"line":58,"column":4},"end":{"line":58,"column":39}},"21":{"start":{"line":69,"column":22},"end":{"line":83,"column":1}},"22":{"start":{"line":70,"column":2},"end":{"line":82,"column":5}},"23":{"start":{"line":76,"column":4},"end":{"line":78,"column":5}},"24":{"start":{"line":77,"column":6},"end":{"line":77,"column":101}},"25":{"start":{"line":79,"column":4},"end":{"line":79,"column":11}},"26":{"start":{"line":81,"column":4},"end":{"line":81,"column":39}},"27":{"start":{"line":84,"column":0},"end":{"line":84,"column":34}},"28":{"start":{"line":85,"column":0},"end":{"line":85,"column":34}},"29":{"start":{"line":86,"column":0},"end":{"line":86,"column":42}}},"fnMap":{"0":{"name":"_interopRequireDefault","decl":{"start":{"line":14,"column":9},"end":{"line":14,"column":31}},"loc":{"start":{"line":14,"column":37},"end":{"line":14,"column":95}},"line":14},"1":{"name":"validRecipe","decl":{"start":{"line":27,"column":27},"end":{"line":27,"column":38}},"loc":{"start":{"line":27,"column":55},"end":{"line":34,"column":1}},"line":27},"2":{"name":"(anonymous_2)","decl":{"start":{"line":28,"column":59},"end":{"line":28,"column":60}},"loc":{"start":{"line":28,"column":77},"end":{"line":31,"column":3}},"line":28},"3":{"name":"(anonymous_3)","decl":{"start":{"line":31,"column":11},"end":{"line":31,"column":12}},"loc":{"start":{"line":31,"column":28},"end":{"line":33,"column":3}},"line":31},"4":{"name":"isFavorited","decl":{"start":{"line":43,"column":27},"end":{"line":43,"column":38}},"loc":{"start":{"line":43,"column":55},"end":{"line":60,"column":1}},"line":43},"5":{"name":"(anonymous_5)","decl":{"start":{"line":49,"column":10},"end":{"line":49,"column":11}},"loc":{"start":{"line":49,"column":30},"end":{"line":57,"column":3}},"line":49},"6":{"name":"(anonymous_6)","decl":{"start":{"line":53,"column":37},"end":{"line":53,"column":38}},"loc":{"start":{"line":53,"column":49},"end":{"line":55,"column":7}},"line":53},"7":{"name":"(anonymous_7)","decl":{"start":{"line":57,"column":11},"end":{"line":57,"column":12}},"loc":{"start":{"line":57,"column":28},"end":{"line":59,"column":3}},"line":57},"8":{"name":"isValidFavorite","decl":{"start":{"line":69,"column":31},"end":{"line":69,"column":46}},"loc":{"start":{"line":69,"column":63},"end":{"line":83,"column":1}},"line":69},"9":{"name":"(anonymous_9)","decl":{"start":{"line":75,"column":10},"end":{"line":75,"column":11}},"loc":{"start":{"line":75,"column":30},"end":{"line":80,"column":3}},"line":75},"10":{"name":"(anonymous_10)","decl":{"start":{"line":80,"column":11},"end":{"line":80,"column":12}},"loc":{"start":{"line":80,"column":28},"end":{"line":82,"column":3}},"line":80}},"branchMap":{"0":{"loc":{"start":{"line":14,"column":46},"end":{"line":14,"column":92}},"type":"cond-expr","locations":[{"start":{"line":14,"column":70},"end":{"line":14,"column":73}},{"start":{"line":14,"column":76},"end":{"line":14,"column":92}}],"line":14},"1":{"loc":{"start":{"line":14,"column":46},"end":{"line":14,"column":67}},"type":"binary-expr","locations":[{"start":{"line":14,"column":46},"end":{"line":14,"column":49}},{"start":{"line":14,"column":53},"end":{"line":14,"column":67}}],"line":14},"2":{"loc":{"start":{"line":29,"column":4},"end":{"line":29,"column":30}},"type":"if","locations":[{"start":{"line":29,"column":4},"end":{"line":29,"column":30}},{"start":{"line":29,"column":4},"end":{"line":29,"column":30}}],"line":29},"3":{"loc":{"start":{"line":50,"column":4},"end":{"line":56,"column":5}},"type":"if","locations":[{"start":{"line":50,"column":4},"end":{"line":56,"column":5}},{"start":{"line":50,"column":4},"end":{"line":56,"column":5}}],"line":50},"4":{"loc":{"start":{"line":76,"column":4},"end":{"line":78,"column":5}},"type":"if","locations":[{"start":{"line":76,"column":4},"end":{"line":78,"column":5}},{"start":{"line":76,"column":4},"end":{"line":78,"column":5}}],"line":76}},"s":{"0":1,"1":1,"2":1,"3":1,"4":1,"5":1,"6":1,"7":1,"8":1,"9":0,"10":0,"11":0,"12":0,"13":0,"14":1,"15":0,"16":0,"17":0,"18":0,"19":0,"20":0,"21":1,"22":0,"23":0,"24":0,"25":0,"26":0,"27":1,"28":1,"29":1},"f":{"0":1,"1":0,"2":0,"3":0,"4":0,"5":0,"6":0,"7":0,"8":0,"9":0,"10":0},"b":{"0":[1,0],"1":[1,1],"2":[0,0],"3":[0,0],"4":[0,0]},"_coverageSchema":"332fd63041d2c1bcb487cc26dd0d5f7d97098a6c","hash":"dfc402d0f8480c5cd8dcbae67c4a8b03bac12ad6","contentHash":"e5c1a50a5fb061952d92da8902a9341d_11.3.0"},"/Users/andeladeveloper/Documents/Computing/CycleXXVIII/More-Recipes/server/controllers/favorite.js":{"path":"/Users/andeladeveloper/Documents/Computing/CycleXXVIII/More-Recipes/server/controllers/favorite.js","statementMap":{"0":{"start":{"line":3,"column":0},"end":{"line":5,"column":3}},"1":{"start":{"line":6,"column":0},"end":{"line":6,"column":84}},"2":{"start":{"line":8,"column":13},"end":{"line":8,"column":39}},"3":{"start":{"line":10,"column":14},"end":{"line":10,"column":44}},"4":{"start":{"line":12,"column":39},"end":{"line":12,"column":93}},"5":{"start":{"line":15,"column":15},"end":{"line":15,"column":39}},"6":{"start":{"line":23,"column":18},"end":{"line":38,"column":1}},"7":{"start":{"line":24,"column":2},"end":{"line":37,"column":5}},"8":{"start":{"line":29,"column":4},"end":{"line":32,"column":7}},"9":{"start":{"line":36,"column":4},"end":{"line":36,"column":39}},"10":{"start":{"line":46,"column":23},"end":{"line":59,"column":1}},"11":{"start":{"line":48,"column":15},"end":{"line":48,"column":29}},"12":{"start":{"line":49,"column":2},"end":{"line":58,"column":5}},"13":{"start":{"line":50,"column":4},"end":{"line":54,"column":5}},"14":{"start":{"line":51,"column":6},"end":{"line":53,"column":9}},"15":{"start":{"line":55,"column":4},"end":{"line":55,"column":43}},"16":{"start":{"line":57,"column":4},"end":{"line":57,"column":39}},"17":{"start":{"line":67,"column":21},"end":{"line":80,"column":1}},"18":{"start":{"line":68,"column":15},"end":{"line":68,"column":29}},"19":{"start":{"line":69,"column":17},"end":{"line":69,"column":36}},"20":{"start":{"line":70,"column":2},"end":{"line":79,"column":5}},"21":{"start":{"line":71,"column":4},"end":{"line":76,"column":7}},"22":{"start":{"line":72,"column":6},"end":{"line":75,"column":9}},"23":{"start":{"line":78,"column":4},"end":{"line":78,"column":39}},"24":{"start":{"line":82,"column":0},"end":{"line":82,"column":34}},"25":{"start":{"line":83,"column":0},"end":{"line":83,"column":44}},"26":{"start":{"line":84,"column":0},"end":{"line":84,"column":40}}},"fnMap":{"0":{"name":"_interopRequireDefault","decl":{"start":{"line":12,"column":9},"end":{"line":12,"column":31}},"loc":{"start":{"line":12,"column":37},"end":{"line":12,"column":95}},"line":12},"1":{"name":"addFavorite","decl":{"start":{"line":23,"column":27},"end":{"line":23,"column":38}},"loc":{"start":{"line":23,"column":49},"end":{"line":38,"column":1}},"line":23},"2":{"name":"(anonymous_2)","decl":{"start":{"line":28,"column":10},"end":{"line":28,"column":11}},"loc":{"start":{"line":28,"column":22},"end":{"line":33,"column":3}},"line":28},"3":{"name":"(anonymous_3)","decl":{"start":{"line":35,"column":9},"end":{"line":35,"column":10}},"loc":{"start":{"line":35,"column":26},"end":{"line":37,"column":3}},"line":35},"4":{"name":"getUserFavorites","decl":{"start":{"line":46,"column":32},"end":{"line":46,"column":48}},"loc":{"start":{"line":46,"column":59},"end":{"line":59,"column":1}},"line":46},"5":{"name":"(anonymous_5)","decl":{"start":{"line":49,"column":62},"end":{"line":49,"column":63}},"loc":{"start":{"line":49,"column":83},"end":{"line":56,"column":3}},"line":49},"6":{"name":"(anonymous_6)","decl":{"start":{"line":56,"column":11},"end":{"line":56,"column":12}},"loc":{"start":{"line":56,"column":28},"end":{"line":58,"column":3}},"line":56},"7":{"name":"deleteFavorite","decl":{"start":{"line":67,"column":30},"end":{"line":67,"column":44}},"loc":{"start":{"line":67,"column":55},"end":{"line":80,"column":1}},"line":67},"8":{"name":"(anonymous_8)","decl":{"start":{"line":70,"column":82},"end":{"line":70,"column":83}},"loc":{"start":{"line":70,"column":102},"end":{"line":77,"column":3}},"line":70},"9":{"name":"(anonymous_9)","decl":{"start":{"line":71,"column":35},"end":{"line":71,"column":36}},"loc":{"start":{"line":71,"column":47},"end":{"line":76,"column":5}},"line":71},"10":{"name":"(anonymous_10)","decl":{"start":{"line":77,"column":11},"end":{"line":77,"column":12}},"loc":{"start":{"line":77,"column":28},"end":{"line":79,"column":3}},"line":77}},"branchMap":{"0":{"loc":{"start":{"line":12,"column":46},"end":{"line":12,"column":92}},"type":"cond-expr","locations":[{"start":{"line":12,"column":70},"end":{"line":12,"column":73}},{"start":{"line":12,"column":76},"end":{"line":12,"column":92}}],"line":12},"1":{"loc":{"start":{"line":12,"column":46},"end":{"line":12,"column":67}},"type":"binary-expr","locations":[{"start":{"line":12,"column":46},"end":{"line":12,"column":49}},{"start":{"line":12,"column":53},"end":{"line":12,"column":67}}],"line":12},"2":{"loc":{"start":{"line":50,"column":4},"end":{"line":54,"column":5}},"type":"if","locations":[{"start":{"line":50,"column":4},"end":{"line":54,"column":5}},{"start":{"line":50,"column":4},"end":{"line":54,"column":5}}],"line":50}},"s":{"0":1,"1":1,"2":1,"3":1,"4":1,"5":1,"6":1,"7":0,"8":0,"9":0,"10":1,"11":0,"12":0,"13":0,"14":0,"15":0,"16":0,"17":1,"18":0,"19":0,"20":0,"21":0,"22":0,"23":0,"24":1,"25":1,"26":1},"f":{"0":1,"1":0,"2":0,"3":0,"4":0,"5":0,"6":0,"7":0,"8":0,"9":0,"10":0},"b":{"0":[1,0],"1":[1,1],"2":[0,0]},"_coverageSchema":"332fd63041d2c1bcb487cc26dd0d5f7d97098a6c","hash":"49b05f56083b440123a62454e3e21c6efa1172d0","contentHash":"bafb2955775c023e0e08911d3fdc7186_11.3.0"},"/Users/andeladeveloper/Documents/Computing/CycleXXVIII/More-Recipes/server/Seeders/userSeeder.js":{"path":"/Users/andeladeveloper/Documents/Computing/CycleXXVIII/More-Recipes/server/Seeders/userSeeder.js","statementMap":{"0":{"start":{"line":3,"column":0},"end":{"line":5,"column":3}},"1":{"start":{"line":6,"column":20},"end":{"line":10,"column":2}},"2":{"start":{"line":12,"column":20},"end":{"line":16,"column":2}},"3":{"start":{"line":18,"column":17},"end":{"line":22,"column":2}},"4":{"start":{"line":24,"column":24},"end":{"line":27,"column":2}},"5":{"start":{"line":29,"column":15},"end":{"line":31,"column":2}},"6":{"start":{"line":33,"column":21},"end":{"line":37,"column":6}},"7":{"start":{"line":39,"column":21},"end":{"line":75,"column":6}},"8":{"start":{"line":77,"column":22},"end":{"line":83,"column":2}},"9":{"start":{"line":85,"column":19},"end":{"line":91,"column":2}},"10":{"start":{"line":93,"column":0},"end":{"line":103,"column":2}}},"fnMap":{},"branchMap":{},"s":{"0":1,"1":1,"2":1,"3":1,"4":1,"5":1,"6":1,"7":1,"8":1,"9":1,"10":1},"f":{},"b":{},"_coverageSchema":"332fd63041d2c1bcb487cc26dd0d5f7d97098a6c","hash":"ce6fad25d4ca6d5388ce486e240ca6606b565cb4","contentHash":"b49986fc67306ffc836a91a66eb1fac9_11.3.0"},"/Users/andeladeveloper/Documents/Computing/CycleXXVIII/More-Recipes/server/helpers/clearDb.js":{"path":"/Users/andeladeveloper/Documents/Computing/CycleXXVIII/More-Recipes/server/helpers/clearDb.js","statementMap":{"0":{"start":{"line":3,"column":0},"end":{"line":5,"column":3}},"1":{"start":{"line":7,"column":0},"end":{"line":7,"column":16}},"2":{"start":{"line":9,"column":0},"end":{"line":9,"column":17}},"3":{"start":{"line":11,"column":14},"end":{"line":11,"column":34}},"4":{"start":{"line":13,"column":15},"end":{"line":13,"column":46}},"5":{"start":{"line":15,"column":39},"end":{"line":15,"column":93}},"6":{"start":{"line":17,"column":14},"end":{"line":27,"column":1}},"7":{"start":{"line":19,"column":4},"end":{"line":25,"column":7}},"8":{"start":{"line":20,"column":6},"end":{"line":24,"column":9}},"9":{"start":{"line":21,"column":8},"end":{"line":21,"column":19}},"10":{"start":{"line":23,"column":8},"end":{"line":23,"column":20}},"11":{"start":{"line":29,"column":0},"end":{"line":29,"column":26}}},"fnMap":{"0":{"name":"_interopRequireDefault","decl":{"start":{"line":15,"column":9},"end":{"line":15,"column":31}},"loc":{"start":{"line":15,"column":37},"end":{"line":15,"column":95}},"line":15},"1":{"name":"clearDb","decl":{"start":{"line":18,"column":20},"end":{"line":18,"column":27}},"loc":{"start":{"line":18,"column":30},"end":{"line":26,"column":3}},"line":18},"2":{"name":"(anonymous_2)","decl":{"start":{"line":19,"column":11},"end":{"line":19,"column":12}},"loc":{"start":{"line":19,"column":27},"end":{"line":25,"column":5}},"line":19},"3":{"name":"(anonymous_3)","decl":{"start":{"line":20,"column":60},"end":{"line":20,"column":61}},"loc":{"start":{"line":20,"column":72},"end":{"line":22,"column":7}},"line":20},"4":{"name":"(anonymous_4)","decl":{"start":{"line":22,"column":15},"end":{"line":22,"column":16}},"loc":{"start":{"line":22,"column":32},"end":{"line":24,"column":7}},"line":22}},"branchMap":{"0":{"loc":{"start":{"line":15,"column":46},"end":{"line":15,"column":92}},"type":"cond-expr","locations":[{"start":{"line":15,"column":70},"end":{"line":15,"column":73}},{"start":{"line":15,"column":76},"end":{"line":15,"column":92}}],"line":15},"1":{"loc":{"start":{"line":15,"column":46},"end":{"line":15,"column":67}},"type":"binary-expr","locations":[{"start":{"line":15,"column":46},"end":{"line":15,"column":49}},{"start":{"line":15,"column":53},"end":{"line":15,"column":67}}],"line":15}},"s":{"0":1,"1":1,"2":1,"3":1,"4":1,"5":1,"6":1,"7":1,"8":1,"9":1,"10":0,"11":1},"f":{"0":1,"1":1,"2":1,"3":1,"4":0},"b":{"0":[1,0],"1":[1,1]},"_coverageSchema":"332fd63041d2c1bcb487cc26dd0d5f7d97098a6c","hash":"f9027a47ed7653083022a8c1bc4968e13a3ef5be","contentHash":"165344baef5acb0a5ade1ba21184388b_11.3.0"}}